2026-02-14 08:00:00 PROCESS cache CPU=0% MEM=139MB STATUS=RUNNING
2026-02-14 08:00:04 PROCESS api-service CPU=26% MEM=139MB STATUS=RUNNING
2026-02-14 08:00:04 PROCESS api-service CPU=39% MEM=188MB STATUS=RUNNING
2026-02-14 08:00:12 PROCESS cache CPU=9% MEM=116MB STATUS=RUNNING
2026-02-14 08:00:12 PROCESS cache CPU=24% MEM=128MB STATUS=RUNNING
2026-02-14 08:00:10 PROCESS auth-service CPU=15% MEM=188MB STATUS=DEGRADED
2026-02-14 08:00:12 PROCESS api-service CPU=24% MEM=226MB STATUS=RUNNING
2026-02-14 08:00:14 PROCESS payment-service CPU=17% MEM=247MB STATUS=RUNNING
2026-02-14 08:00:32 PROCESS payment-service CPU=96% MEM=408MB STATUS=RESTARTING
2026-02-14 08:00:09 PROCESS auth-service CPU=28% MEM=169MB STATUS=RUNNING
2026-02-14 08:00:30 PROCESS db-proxy CPU=26% MEM=216MB STATUS=RUNNING
2026-02-14 08:00:44 PROCESS db-proxy CPU=30% MEM=125MB STATUS=RUNNING
2026-02-14 08:00:24 PROCESS auth-service CPU=16% MEM=123MB STATUS=DEGRADED
2026-02-14 08:00:26 PROCESS auth-service CPU=8% MEM=57MB STATUS=RUNNING
2026-02-14 08:00:42 PROCESS auth-service CPU=2% MEM=164MB STATUS=RESTARTING
2026-02-14 08:00:45 PROCESS cache CPU=16% MEM=132MB STATUS=RUNNING
2026-02-14 08:00:16 PROCESS db-proxy CPU=6% MEM=126MB STATUS=RUNNING
2026-02-14 08:01:08 PROCESS worker CPU=41% MEM=289MB STATUS=DEGRADED
2026-02-14 08:00:18 PROCESS db-proxy CPU=26% MEM=198MB STATUS=RUNNING
2026-02-14 08:00:38 PROCESS api-service CPU=30% MEM=159MB STATUS=RESTARTING
2026-02-14 08:00:20 PROCESS payment-service CPU=12% MEM=210MB STATUS=RESTARTING
2026-02-14 08:01:45 PROCESS auth-service CPU=0% MEM=163MB STATUS=DEGRADED
2026-02-14 08:00:44 PROCESS api-service CPU=34% MEM=149MB STATUS=RUNNING
2026-02-14 08:01:32 PROCESS worker CPU=34% MEM=263MB STATUS=RESTARTING
2026-02-14 08:01:12 PROCESS db-proxy CPU=0% MEM=159MB STATUS=RESTARTING
2026-02-14 08:01:15 PROCESS db-proxy CPU=15% MEM=230MB STATUS=RUNNING
2026-02-14 08:00:26 PROCESS cache CPU=8% MEM=123MB STATUS=RUNNING
2026-02-14 08:00:54 PROCESS payment-service CPU=25% MEM=238MB STATUS=RUNNING
2026-02-14 08:00:28 PROCESS payment-service CPU=0% MEM=169MB STATUS=RUNNING
2026-02-14 08:01:56 PROCESS worker CPU=31% MEM=277MB STATUS=RUNNING
2026-02-14 08:00:30 PROCESS auth-service CPU=20% MEM=188MB STATUS=RUNNING
2026-02-14 08:01:02 PROCESS worker CPU=46% MEM=235MB STATUS=DEGRADED
2026-02-14 08:02:40 PROCESS payment-service CPU=27% MEM=197MB STATUS=RUNNING
2026-02-14 08:02:12 PROCESS api-service CPU=16% MEM=204MB STATUS=RESTARTING
2026-02-14 08:02:16 PROCESS cache CPU=5% MEM=69MB STATUS=RUNNING
2026-02-14 08:02:20 PROCESS cache CPU=23% MEM=158MB STATUS=DEGRADED
2026-02-14 08:01:12 PROCESS payment-service CPU=1% MEM=202MB STATUS=RUNNING
2026-02-14 08:01:14 PROCESS worker CPU=37% MEM=272MB STATUS=RUNNING
2026-02-14 08:00:38 PROCESS api-service CPU=43% MEM=169MB STATUS=RESTARTING
2026-02-14 08:01:57 PROCESS auth-service CPU=23% MEM=178MB STATUS=DEGRADED
2026-02-14 08:02:40 PROCESS db-proxy CPU=20% MEM=158MB STATUS=RUNNING
2026-02-14 08:02:03 PROCESS auth-service CPU=7% MEM=112MB STATUS=RUNNING
2026-02-14 08:03:30 PROCESS cache CPU=5% MEM=88MB STATUS=RUNNING
2026-02-14 08:03:35 PROCESS cache CPU=5% MEM=88MB STATUS=RUNNING
2026-02-14 08:03:40 PROCESS auth-service CPU=26% MEM=137MB STATUS=RUNNING
2026-02-14 08:01:30 PROCESS auth-service CPU=17% MEM=150MB STATUS=DEGRADED
2026-02-14 08:03:50 PROCESS worker CPU=30% MEM=262MB STATUS=RUNNING
2026-02-14 08:03:08 PROCESS worker CPU=28% MEM=255MB STATUS=DEGRADED
2026-02-14 08:01:36 PROCESS db-proxy CPU=4% MEM=134MB STATUS=DEGRADED
2026-02-14 08:04:05 PROCESS worker CPU=27% MEM=294MB STATUS=RESTARTING
2026-02-14 08:00:50 PROCESS cache CPU=22% MEM=164MB STATUS=DEGRADED
2026-02-14 08:04:15 PROCESS api-service CPU=43% MEM=171MB STATUS=RESTARTING
2026-02-14 08:04:20 PROCESS db-proxy CPU=27% MEM=169MB STATUS=RESTARTING
2026-02-14 08:02:39 PROCESS auth-service CPU=12% MEM=202MB STATUS=RESTARTING
2026-02-14 08:02:42 PROCESS db-proxy CPU=25% MEM=84MB STATUS=RUNNING
2026-02-14 08:02:45 PROCESS cache CPU=0% MEM=126MB STATUS=RUNNING
2026-02-14 08:04:40 PROCESS auth-service CPU=14% MEM=137MB STATUS=RUNNING
2026-02-14 08:00:57 PROCESS api-service CPU=27% MEM=146MB STATUS=DEGRADED
2026-02-14 08:02:54 PROCESS api-service CPU=25% MEM=190MB STATUS=RUNNING
2026-02-14 08:02:57 PROCESS worker CPU=28% MEM=208MB STATUS=RESTARTING
2026-02-14 08:02:00 PROCESS payment-service CPU=18% MEM=232MB STATUS=RUNNING
2026-02-14 08:05:05 PROCESS db-proxy CPU=9% MEM=172MB STATUS=RUNNING
2026-02-14 08:05:10 PROCESS api-service CPU=17% MEM=172MB STATUS=RUNNING
2026-02-14 08:01:03 PROCESS auth-service CPU=18% MEM=62MB STATUS=RESTARTING
2026-02-14 08:05:20 PROCESS cache CPU=10% MEM=106MB STATUS=RUNNING
2026-02-14 08:02:10 PROCESS api-service CPU=9% MEM=200MB STATUS=RUNNING
2026-02-14 08:03:18 PROCESS api-service CPU=33% MEM=156MB STATUS=RUNNING
2026-02-14 08:03:21 PROCESS cache CPU=11% MEM=117MB STATUS=RUNNING
2026-02-14 08:01:08 PROCESS db-proxy CPU=31% MEM=139MB STATUS=DEGRADED
2026-02-14 08:02:18 PROCESS db-proxy CPU=13% MEM=142MB STATUS=DEGRADED
2026-02-14 08:04:40 PROCESS api-service CPU=38% MEM=221MB STATUS=DEGRADED
2026-02-14 08:01:11 PROCESS payment-service CPU=17% MEM=186MB STATUS=DEGRADED
2026-02-14 08:03:36 PROCESS auth-service CPU=12% MEM=140MB STATUS=RUNNING
2026-02-14 08:02:26 PROCESS payment-service CPU=6% MEM=188MB STATUS=DEGRADED
2026-02-14 08:02:28 PROCESS worker CPU=42% MEM=273MB STATUS=RUNNING
2026-02-14 08:02:30 PROCESS payment-service CPU=5% MEM=246MB STATUS=DEGRADED
2026-02-14 08:01:16 PROCESS api-service CPU=43% MEM=228MB STATUS=RUNNING
2026-02-14 08:05:08 PROCESS payment-service CPU=12% MEM=201MB STATUS=RUNNING
2026-02-14 08:02:36 PROCESS api-service CPU=29% MEM=117MB STATUS=DEGRADED
2026-02-14 08:06:35 PROCESS auth-service CPU=8% MEM=124MB STATUS=RUNNING
2026-02-14 08:05:20 PROCESS worker CPU=32% MEM=251MB STATUS=RUNNING
2026-02-14 08:01:21 PROCESS auth-service CPU=9% MEM=103MB STATUS=RESTARTING
2026-02-14 08:04:06 PROCESS worker CPU=24% MEM=295MB STATUS=RUNNING
2026-02-14 08:06:55 PROCESS payment-service CPU=16% MEM=199MB STATUS=RUNNING
2026-02-14 08:01:24 PROCESS db-proxy CPU=26% MEM=159MB STATUS=RUNNING
2026-02-14 08:05:40 PROCESS auth-service CPU=10% MEM=126MB STATUS=RESTARTING
2026-02-14 08:02:52 PROCESS payment-service CPU=13% MEM=219MB STATUS=RUNNING
2026-02-14 08:05:48 PROCESS auth-service CPU=12% MEM=166MB STATUS=RUNNING
2026-02-14 08:05:52 PROCESS auth-service CPU=14% MEM=93MB STATUS=RUNNING
2026-02-14 08:05:56 PROCESS cache CPU=6% MEM=89MB STATUS=RESTARTING
2026-02-14 08:07:30 PROCESS auth-service CPU=24% MEM=150MB STATUS=RUNNING
2026-02-14 08:07:35 PROCESS payment-service CPU=16% MEM=218MB STATUS=RUNNING
2026-02-14 08:06:08 PROCESS payment-service CPU=15% MEM=181MB STATUS=RUNNING
2026-02-14 08:04:39 PROCESS payment-service CPU=0% MEM=246MB STATUS=DEGRADED
2026-02-14 08:06:16 PROCESS cache CPU=10% MEM=109MB STATUS=RUNNING
2026-02-14 08:01:35 PROCESS worker CPU=46% MEM=280MB STATUS=RUNNING
2026-02-14 08:06:24 PROCESS payment-service CPU=47% MEM=262MB STATUS=RESTARTING
2026-02-14 08:03:14 PROCESS payment-service CPU=28% MEM=189MB STATUS=RUNNING
2026-02-14 08:03:16 PROCESS api-service CPU=21% MEM=167MB STATUS=RUNNING
2026-02-14 08:03:18 PROCESS api-service CPU=23% MEM=192MB STATUS=RUNNING
2026-02-14 08:08:20 PROCESS db-proxy CPU=30% MEM=152MB STATUS=RUNNING
2026-02-14 08:08:25 PROCESS payment-service CPU=18% MEM=214MB STATUS=RUNNING
2026-02-14 08:05:06 PROCESS auth-service CPU=17% MEM=103MB STATUS=RUNNING
2026-02-14 08:06:52 PROCESS worker CPU=40% MEM=298MB STATUS=RESTARTING
2026-02-14 08:03:28 PROCESS payment-service CPU=11% MEM=219MB STATUS=RUNNING
2026-02-14 08:03:30 PROCESS db-proxy CPU=2% MEM=184MB STATUS=DEGRADED
2026-02-14 08:01:46 PROCESS payment-service CPU=35% MEM=178MB STATUS=RUNNING
2026-02-14 08:01:47 PROCESS auth-service CPU=0% MEM=119MB STATUS=RUNNING
2026-02-14 08:05:24 PROCESS worker CPU=43% MEM=256MB STATUS=RUNNING
2026-02-14 08:07:16 PROCESS cache CPU=20% MEM=179MB STATUS=RUNNING
2026-02-14 08:05:30 PROCESS db-proxy CPU=7% MEM=137MB STATUS=RUNNING
2026-02-14 08:01:51 PROCESS auth-service CPU=20% MEM=90MB STATUS=RUNNING
2026-02-14 08:09:20 PROCESS db-proxy CPU=15% MEM=171MB STATUS=RUNNING
2026-02-14 08:01:53 PROCESS api-service CPU=33% MEM=215MB STATUS=RUNNING
2026-02-14 08:05:42 PROCESS auth-service CPU=25% MEM=106MB STATUS=DEGRADED
2026-02-14 08:09:35 PROCESS api-service CPU=12% MEM=185MB STATUS=RUNNING
2026-02-14 08:01:56 PROCESS api-service CPU=28% MEM=120MB STATUS=RUNNING
2026-02-14 08:01:57 PROCESS db-proxy CPU=4% MEM=167MB STATUS=RUNNING
2026-02-14 08:09:50 PROCESS cache CPU=12% MEM=80MB STATUS=DEGRADED
2026-02-14 08:05:57 PROCESS api-service CPU=25% MEM=153MB STATUS=RUNNING
2026-02-14 08:02:00 PROCESS payment-service CPU=7% MEM=173MB STATUS=RUNNING
2026-02-14 08:08:04 PROCESS worker CPU=27% MEM=324MB STATUS=DEGRADED
2026-02-14 08:06:06 PROCESS api-service CPU=24% MEM=170MB STATUS=DEGRADED
2026-02-14 08:04:06 PROCESS auth-service CPU=0% MEM=127MB STATUS=RESTARTING
2026-02-14 08:02:04 PROCESS api-service CPU=40% MEM=189MB STATUS=RESTARTING
2026-02-14 08:08:20 PROCESS db-proxy CPU=98% MEM=303MB STATUS=RESTARTING
2026-02-14 08:10:30 PROCESS payment-service CPU=26% MEM=208MB STATUS=RUNNING
2026-02-14 08:08:28 PROCESS db-proxy CPU=24% MEM=152MB STATUS=RUNNING
2026-02-14 08:02:08 PROCESS auth-service CPU=0% MEM=95MB STATUS=RUNNING
2026-02-14 08:10:45 PROCESS cache CPU=88% MEM=250MB STATUS=RUNNING
2026-02-14 08:02:10 PROCESS payment-service CPU=18% MEM=257MB STATUS=RUNNING
2026-02-14 08:10:55 PROCESS worker CPU=41% MEM=287MB STATUS=RESTARTING
2026-02-14 08:06:36 PROCESS payment-service CPU=12% MEM=213MB STATUS=RESTARTING
2026-02-14 08:11:05 PROCESS auth-service CPU=9% MEM=133MB STATUS=RESTARTING
2026-02-14 08:08:56 PROCESS worker CPU=36% MEM=261MB STATUS=RUNNING
2026-02-14 08:09:00 PROCESS auth-service CPU=9% MEM=147MB STATUS=DEGRADED
2026-02-14 08:09:04 PROCESS auth-service CPU=17% MEM=122MB STATUS=RESTARTING
2026-02-14 08:09:08 PROCESS payment-service CPU=0% MEM=177MB STATUS=DEGRADED
2026-02-14 08:11:30 PROCESS auth-service CPU=9% MEM=68MB STATUS=RUNNING
2026-02-14 08:06:57 PROCESS db-proxy CPU=21% MEM=150MB STATUS=DEGRADED
2026-02-14 08:07:00 PROCESS api-service CPU=6% MEM=130MB STATUS=RUNNING
2026-02-14 08:11:45 PROCESS api-service CPU=39% MEM=158MB STATUS=DEGRADED
2026-02-14 08:02:22 PROCESS api-service CPU=7% MEM=176MB STATUS=RUNNING
2026-02-14 08:02:23 PROCESS db-proxy CPU=0% MEM=223MB STATUS=RESTARTING
2026-02-14 08:12:00 PROCESS worker CPU=24% MEM=243MB STATUS=RUNNING
2026-02-14 08:02:25 PROCESS cache CPU=29% MEM=117MB STATUS=RUNNING
2026-02-14 08:09:44 PROCESS api-service CPU=34% MEM=184MB STATUS=RUNNING
2026-02-14 08:09:48 PROCESS api-service CPU=29% MEM=203MB STATUS=DEGRADED
2026-02-14 08:07:24 PROCESS payment-service CPU=16% MEM=196MB STATUS=RUNNING
2026-02-14 08:04:58 PROCESS cache CPU=20% MEM=115MB STATUS=RUNNING
2026-02-14 08:05:00 PROCESS api-service CPU=37% MEM=194MB STATUS=RUNNING
2026-02-14 08:02:31 PROCESS worker CPU=51% MEM=279MB STATUS=RUNNING
2026-02-14 08:10:08 PROCESS worker CPU=35% MEM=255MB STATUS=RESTARTING
2026-02-14 08:10:12 PROCESS cache CPU=13% MEM=110MB STATUS=RUNNING
2026-02-14 08:07:42 PROCESS payment-service CPU=30% MEM=192MB STATUS=RUNNING
2026-02-14 08:02:35 PROCESS cache CPU=0% MEM=177MB STATUS=DEGRADED
2026-02-14 08:07:48 PROCESS auth-service CPU=3% MEM=103MB STATUS=RESTARTING
2026-02-14 08:07:51 PROCESS payment-service CPU=19% MEM=185MB STATUS=RUNNING
2026-02-14 08:13:10 PROCESS worker CPU=29% MEM=274MB STATUS=RUNNING
2026-02-14 08:10:36 PROCESS db-proxy CPU=15% MEM=91MB STATUS=RESTARTING
2026-02-14 08:05:20 PROCESS cache CPU=0% MEM=99MB STATUS=RUNNING
2026-02-14 08:08:03 PROCESS worker CPU=35% MEM=239MB STATUS=RESTARTING
2026-02-14 08:10:48 PROCESS auth-service CPU=14% MEM=122MB STATUS=RUNNING
2026-02-14 08:02:43 PROCESS auth-service CPU=17% MEM=119MB STATUS=RUNNING
2026-02-14 08:10:56 PROCESS worker CPU=38% MEM=337MB STATUS=RUNNING
2026-02-14 08:08:15 PROCESS cache CPU=3% MEM=157MB STATUS=RUNNING
2026-02-14 08:05:32 PROCESS api-service CPU=19% MEM=191MB STATUS=RUNNING
2026-02-14 08:08:21 PROCESS auth-service CPU=4% MEM=141MB STATUS=RESTARTING
2026-02-14 08:14:00 PROCESS worker CPU=35% MEM=227MB STATUS=DEGRADED
2026-02-14 08:11:16 PROCESS auth-service CPU=21% MEM=122MB STATUS=RUNNING
2026-02-14 08:05:40 PROCESS payment-service CPU=17% MEM=220MB STATUS=RUNNING
2026-02-14 08:11:24 PROCESS payment-service CPU=14% MEM=176MB STATUS=DEGRADED
2026-02-14 08:11:28 PROCESS auth-service CPU=12% MEM=231MB STATUS=RESTARTING
2026-02-14 08:11:32 PROCESS payment-service CPU=13% MEM=234MB STATUS=RUNNING
2026-02-14 08:02:54 PROCESS db-proxy CPU=0% MEM=150MB STATUS=RUNNING
2026-02-14 08:11:40 PROCESS cache CPU=2% MEM=83MB STATUS=RUNNING
2026-02-14 08:05:52 PROCESS payment-service CPU=27% MEM=168MB STATUS=DEGRADED
2026-02-14 08:02:57 PROCESS worker CPU=38% MEM=307MB STATUS=DEGRADED
2026-02-14 08:08:54 PROCESS api-service CPU=13% MEM=177MB STATUS=RUNNING
2026-02-14 08:11:56 PROCESS cache CPU=0% MEM=173MB STATUS=DEGRADED
2026-02-14 08:15:00 PROCESS payment-service CPU=29% MEM=179MB STATUS=RUNNING
2026-02-14 08:12:04 PROCESS payment-service CPU=24% MEM=250MB STATUS=RUNNING
2026-02-14 08:03:02 PROCESS cache CPU=31% MEM=112MB STATUS=RUNNING
2026-02-14 08:15:15 PROCESS auth-service CPU=20% MEM=198MB STATUS=RESTARTING
2026-02-14 08:03:04 PROCESS cache CPU=19% MEM=98MB STATUS=DEGRADED
2026-02-14 08:12:20 PROCESS payment-service CPU=28% MEM=219MB STATUS=RUNNING
2026-02-14 08:15:30 PROCESS payment-service CPU=19% MEM=167MB STATUS=DEGRADED
2026-02-14 08:03:07 PROCESS worker CPU=22% MEM=246MB STATUS=RUNNING
2026-02-14 08:03:08 PROCESS cache CPU=17% MEM=164MB STATUS=RUNNING
2026-02-14 08:03:09 PROCESS cache CPU=24% MEM=64MB STATUS=RESTARTING
2026-02-14 08:06:20 PROCESS worker CPU=25% MEM=236MB STATUS=RUNNING
2026-02-14 08:09:33 PROCESS payment-service CPU=37% MEM=224MB STATUS=RUNNING
2026-02-14 08:09:36 PROCESS payment-service CPU=6% MEM=147MB STATUS=RUNNING
2026-02-14 08:03:13 PROCESS cache CPU=16% MEM=95MB STATUS=RESTARTING
2026-02-14 08:06:28 PROCESS worker CPU=42% MEM=263MB STATUS=RUNNING
2026-02-14 08:06:30 PROCESS cache CPU=17% MEM=138MB STATUS=DEGRADED
2026-02-14 08:16:20 PROCESS db-proxy CPU=88% MEM=364MB STATUS=RUNNING
2026-02-14 08:06:34 PROCESS db-proxy CPU=22% MEM=245MB STATUS=RESTARTING
2026-02-14 08:06:36 PROCESS api-service CPU=83% MEM=270MB STATUS=DEGRADED
2026-02-14 08:09:57 PROCESS cache CPU=0% MEM=131MB STATUS=RESTARTING
2026-02-14 08:06:40 PROCESS api-service CPU=21% MEM=225MB STATUS=RUNNING
2026-02-14 08:03:21 PROCESS auth-service CPU=9% MEM=179MB STATUS=RUNNING
2026-02-14 08:10:06 PROCESS db-proxy CPU=28% MEM=138MB STATUS=DEGRADED
2026-02-14 08:03:23 PROCESS worker CPU=30% MEM=285MB STATUS=DEGRADED
2026-02-14 08:10:12 PROCESS cache CPU=10% MEM=105MB STATUS=RUNNING
2026-02-14 08:03:25 PROCESS cache CPU=5% MEM=90MB STATUS=RESTARTING
2026-02-14 08:17:10 PROCESS payment-service CPU=22% MEM=199MB STATUS=RESTARTING
2026-02-14 08:03:27 PROCESS db-proxy CPU=26% MEM=163MB STATUS=DEGRADED
2026-02-14 08:10:24 PROCESS db-proxy CPU=92% MEM=347MB STATUS=RESTARTING
2026-02-14 08:13:56 PROCESS cache CPU=1% MEM=97MB STATUS=RUNNING
2026-02-14 08:07:00 PROCESS api-service CPU=30% MEM=191MB STATUS=RUNNING
2026-02-14 08:03:31 PROCESS cache CPU=7% MEM=146MB STATUS=DEGRADED
2026-02-14 08:17:40 PROCESS db-proxy CPU=1% MEM=165MB STATUS=RUNNING
2026-02-14 08:03:33 PROCESS db-proxy CPU=27% MEM=160MB STATUS=RESTARTING
2026-02-14 08:17:50 PROCESS db-proxy CPU=20% MEM=134MB STATUS=RUNNING
2026-02-14 08:17:55 PROCESS worker CPU=55% MEM=293MB STATUS=RUNNING
2026-02-14 08:10:48 PROCESS api-service CPU=24% MEM=181MB STATUS=RUNNING
2026-02-14 08:14:28 PROCESS worker CPU=29% MEM=275MB STATUS=RUNNING
2026-02-14 08:14:32 PROCESS api-service CPU=34% MEM=227MB STATUS=RUNNING
2026-02-14 08:14:36 PROCESS worker CPU=36% MEM=227MB STATUS=RUNNING
2026-02-14 08:18:20 PROCESS db-proxy CPU=33% MEM=127MB STATUS=RESTARTING
2026-02-14 08:18:25 PROCESS auth-service CPU=5% MEM=153MB STATUS=DEGRADED
2026-02-14 08:14:48 PROCESS auth-service CPU=26% MEM=107MB STATUS=RESTARTING
2026-02-14 08:03:43 PROCESS payment-service CPU=22% MEM=143MB STATUS=RUNNING
2026-02-14 08:11:12 PROCESS auth-service CPU=20% MEM=149MB STATUS=RESTARTING
2026-02-14 08:18:45 PROCESS api-service CPU=21% MEM=166MB STATUS=DEGRADED
2026-02-14 08:18:50 PROCESS api-service CPU=24% MEM=195MB STATUS=RUNNING
2026-02-14 08:07:34 PROCESS cache CPU=10% MEM=50MB STATUS=RESTARTING
2026-02-14 08:07:36 PROCESS api-service CPU=15% MEM=185MB STATUS=RUNNING
2026-02-14 08:15:16 PROCESS db-proxy CPU=14% MEM=180MB STATUS=DEGRADED
2026-02-14 08:11:30 PROCESS worker CPU=85% MEM=405MB STATUS=RESTARTING
2026-02-14 08:19:15 PROCESS db-proxy CPU=19% MEM=169MB STATUS=DEGRADED
2026-02-14 08:15:28 PROCESS payment-service CPU=11% MEM=177MB STATUS=RUNNING
2026-02-14 08:07:46 PROCESS worker CPU=19% MEM=229MB STATUS=RUNNING
2026-02-14 08:19:30 PROCESS api-service CPU=29% MEM=167MB STATUS=DEGRADED
2026-02-14 08:07:50 PROCESS api-service CPU=31% MEM=169MB STATUS=RUNNING
2026-02-14 08:19:40 PROCESS auth-service CPU=0% MEM=122MB STATUS=RUNNING
2026-02-14 08:03:57 PROCESS cache CPU=9% MEM=149MB STATUS=RUNNING
2026-02-14 08:07:56 PROCESS payment-service CPU=34% MEM=190MB STATUS=RUNNING
2026-02-14 08:19:55 PROCESS auth-service CPU=12% MEM=186MB STATUS=DEGRADED
2026-02-14 08:16:00 PROCESS auth-service CPU=18% MEM=125MB STATUS=RUNNING
2026-02-14 08:08:02 PROCESS worker CPU=47% MEM=302MB STATUS=RUNNING
2026-02-14 08:12:06 PROCESS cache CPU=13% MEM=132MB STATUS=RESTARTING
2026-02-14 08:04:03 PROCESS payment-service CPU=21% MEM=218MB STATUS=RESTARTING
2026-02-14 08:16:16 PROCESS db-proxy CPU=3% MEM=181MB STATUS=RUNNING
2026-02-14 08:04:05 PROCESS auth-service CPU=26% MEM=199MB STATUS=RUNNING
2026-02-14 08:04:06 PROCESS auth-service CPU=12% MEM=161MB STATUS=RUNNING
2026-02-14 08:04:07 PROCESS auth-service CPU=17% MEM=180MB STATUS=DEGRADED
2026-02-14 08:20:40 PROCESS api-service CPU=4% MEM=155MB STATUS=RESTARTING
2026-02-14 08:16:36 PROCESS payment-service CPU=30% MEM=203MB STATUS=RUNNING
2026-02-14 08:08:20 PROCESS cache CPU=4% MEM=179MB STATUS=RUNNING
2026-02-14 08:20:55 PROCESS cache CPU=18% MEM=89MB STATUS=RUNNING
2026-02-14 08:04:12 PROCESS payment-service CPU=21% MEM=245MB STATUS=RESTARTING
2026-02-14 08:21:05 PROCESS api-service CPU=2% MEM=92MB STATUS=RUNNING
2026-02-14 08:08:28 PROCESS cache CPU=12% MEM=111MB STATUS=RUNNING
2026-02-14 08:21:15 PROCESS db-proxy CPU=14% MEM=181MB STATUS=DEGRADED
2026-02-14 08:21:20 PROCESS payment-service CPU=27% MEM=161MB STATUS=RUNNING
2026-02-14 08:21:25 PROCESS worker CPU=44% MEM=317MB STATUS=DEGRADED
2026-02-14 08:21:30 PROCESS db-proxy CPU=28% MEM=177MB STATUS=RUNNING
2026-02-14 08:08:38 PROCESS auth-service CPU=2% MEM=138MB STATUS=DEGRADED
2026-02-14 08:08:40 PROCESS api-service CPU=16% MEM=160MB STATUS=DEGRADED
2026-02-14 08:13:03 PROCESS cache CPU=2% MEM=174MB STATUS=DEGRADED
2026-02-14 08:21:50 PROCESS payment-service CPU=15% MEM=193MB STATUS=RUNNING
2026-02-14 08:13:09 PROCESS api-service CPU=19% MEM=186MB STATUS=RESTARTING
2026-02-14 08:08:48 PROCESS worker CPU=46% MEM=232MB STATUS=RUNNING
2026-02-14 08:17:40 PROCESS auth-service CPU=7% MEM=123MB STATUS=RUNNING
2026-02-14 08:17:44 PROCESS api-service CPU=22% MEM=131MB STATUS=RUNNING
2026-02-14 08:08:54 PROCESS auth-service CPU=22% MEM=188MB STATUS=DEGRADED
2026-02-14 08:04:28 PROCESS cache CPU=0% MEM=178MB STATUS=DEGRADED
2026-02-14 08:22:25 PROCESS worker CPU=47% MEM=279MB STATUS=RUNNING
2026-02-14 08:22:30 PROCESS worker CPU=28% MEM=256MB STATUS=DEGRADED
2026-02-14 08:09:02 PROCESS auth-service CPU=18% MEM=120MB STATUS=RUNNING
2026-02-14 08:18:08 PROCESS auth-service CPU=18% MEM=133MB STATUS=DEGRADED
2026-02-14 08:13:39 PROCESS auth-service CPU=0% MEM=178MB STATUS=RUNNING
2026-02-14 08:04:34 PROCESS payment-service CPU=21% MEM=214MB STATUS=RUNNING
2026-02-14 08:18:20 PROCESS cache CPU=0% MEM=133MB STATUS=RUNNING
2026-02-14 08:04:36 PROCESS api-service CPU=36% MEM=146MB STATUS=RUNNING
2026-02-14 08:04:37 PROCESS cache CPU=0% MEM=115MB STATUS=RUNNING
2026-02-14 08:04:38 PROCESS db-proxy CPU=14% MEM=227MB STATUS=RESTARTING
2026-02-14 08:09:18 PROCESS api-service CPU=18% MEM=214MB STATUS=RESTARTING
2026-02-14 08:14:00 PROCESS payment-service CPU=20% MEM=182MB STATUS=RESTARTING
2026-02-14 08:09:22 PROCESS payment-service CPU=12% MEM=188MB STATUS=RUNNING
2026-02-14 08:14:06 PROCESS auth-service CPU=18% MEM=138MB STATUS=RUNNING
2026-02-14 08:18:52 PROCESS worker CPU=34% MEM=298MB STATUS=RESTARTING
2026-02-14 08:23:40 PROCESS payment-service CPU=16% MEM=210MB STATUS=RUNNING
2026-02-14 08:19:00 PROCESS worker CPU=45% MEM=261MB STATUS=RESTARTING
2026-02-14 08:14:18 PROCESS payment-service CPU=0% MEM=223MB STATUS=RUNNING
2026-02-14 08:14:21 PROCESS payment-service CPU=22% MEM=197MB STATUS=DEGRADED
2026-02-14 08:04:48 PROCESS cache CPU=0% MEM=120MB STATUS=RUNNING
2026-02-14 08:24:05 PROCESS auth-service CPU=8% MEM=137MB STATUS=RUNNING
2026-02-14 08:09:40 PROCESS api-service CPU=8% MEM=158MB STATUS=RUNNING
2026-02-14 08:19:24 PROCESS api-service CPU=23% MEM=162MB STATUS=DEGRADED
2026-02-14 08:19:28 PROCESS worker CPU=14% MEM=256MB STATUS=RUNNING
2026-02-14 08:24:25 PROCESS worker CPU=30% MEM=279MB STATUS=DEGRADED
2026-02-14 08:04:54 PROCESS api-service CPU=20% MEM=207MB STATUS=RUNNING
2026-02-14 08:04:55 PROCESS api-service CPU=15% MEM=194MB STATUS=RESTARTING
2026-02-14 08:14:48 PROCESS cache CPU=19% MEM=128MB STATUS=DEGRADED
2026-02-14 08:24:45 PROCESS payment-service CPU=22% MEM=146MB STATUS=RUNNING
2026-02-14 08:14:54 PROCESS payment-service CPU=25% MEM=194MB STATUS=RUNNING
2026-02-14 08:19:56 PROCESS payment-service CPU=20% MEM=175MB STATUS=RUNNING
2026-02-14 08:20:00 PROCESS worker CPU=43% MEM=248MB STATUS=RUNNING
2026-02-14 08:15:03 PROCESS auth-service CPU=86% MEM=339MB STATUS=DEGRADED
2026-02-14 08:10:04 PROCESS auth-service CPU=7% MEM=180MB STATUS=DEGRADED
2026-02-14 08:15:09 PROCESS api-service CPU=13% MEM=200MB STATUS=RESTARTING
2026-02-14 08:25:20 PROCESS cache CPU=4% MEM=103MB STATUS=RUNNING
2026-02-14 08:15:15 PROCESS cache CPU=6% MEM=89MB STATUS=DEGRADED
2026-02-14 08:10:12 PROCESS payment-service CPU=8% MEM=219MB STATUS=RESTARTING
2026-02-14 08:20:28 PROCESS db-proxy CPU=23% MEM=171MB STATUS=RESTARTING
2026-02-14 08:15:24 PROCESS db-proxy CPU=11% MEM=181MB STATUS=RUNNING
2026-02-14 08:15:27 PROCESS payment-service CPU=81% MEM=324MB STATUS=RUNNING
2026-02-14 08:10:20 PROCESS auth-service CPU=36% MEM=169MB STATUS=RUNNING
2026-02-14 08:20:44 PROCESS worker CPU=18% MEM=267MB STATUS=RUNNING
2026-02-14 08:15:36 PROCESS payment-service CPU=19% MEM=227MB STATUS=RUNNING
2026-02-14 08:15:39 PROCESS cache CPU=22% MEM=136MB STATUS=RESTARTING
2026-02-14 08:15:42 PROCESS db-proxy CPU=5% MEM=147MB STATUS=RUNNING
2026-02-14 08:10:30 PROCESS worker CPU=26% MEM=275MB STATUS=RUNNING
2026-02-14 08:10:32 PROCESS api-service CPU=90% MEM=293MB STATUS=RESTARTING
2026-02-14 08:15:51 PROCESS api-service CPU=21% MEM=187MB STATUS=DEGRADED
2026-02-14 08:21:12 PROCESS payment-service CPU=20% MEM=211MB STATUS=DEGRADED
2026-02-14 08:15:57 PROCESS db-proxy CPU=25% MEM=173MB STATUS=RUNNING
2026-02-14 08:10:40 PROCESS worker CPU=25% MEM=230MB STATUS=RESTARTING
2026-02-14 08:10:42 PROCESS db-proxy CPU=35% MEM=157MB STATUS=DEGRADED
2026-02-14 08:10:44 PROCESS payment-service CPU=21% MEM=163MB STATUS=RUNNING
2026-02-14 08:26:55 PROCESS api-service CPU=34% MEM=222MB STATUS=RUNNING
2026-02-14 08:21:36 PROCESS payment-service CPU=29% MEM=199MB STATUS=RUNNING
2026-02-14 08:21:40 PROCESS payment-service CPU=6% MEM=203MB STATUS=DEGRADED
2026-02-14 08:10:52 PROCESS worker CPU=91% MEM=385MB STATUS=RUNNING
2026-02-14 08:10:54 PROCESS cache CPU=10% MEM=128MB STATUS=RESTARTING
2026-02-14 08:16:24 PROCESS payment-service CPU=42% MEM=204MB STATUS=RUNNING
2026-02-14 08:10:58 PROCESS worker CPU=31% MEM=255MB STATUS=RUNNING
2026-02-14 08:16:30 PROCESS worker CPU=29% MEM=238MB STATUS=DEGRADED
2026-02-14 08:16:33 PROCESS db-proxy CPU=22% MEM=185MB STATUS=RUNNING
2026-02-14 08:22:08 PROCESS cache CPU=14% MEM=113MB STATUS=RUNNING
2026-02-14 08:11:06 PROCESS payment-service CPU=12% MEM=251MB STATUS=RUNNING
2026-02-14 08:11:08 PROCESS auth-service CPU=96% MEM=255MB STATUS=RESTARTING
2026-02-14 08:22:20 PROCESS cache CPU=1% MEM=151MB STATUS=RUNNING
2026-02-14 08:28:00 PROCESS api-service CPU=27% MEM=191MB STATUS=DEGRADED
2026-02-14 08:22:28 PROCESS worker CPU=30% MEM=224MB STATUS=DEGRADED
2026-02-14 08:11:16 PROCESS cache CPU=0% MEM=75MB STATUS=DEGRADED
2026-02-14 08:05:39 PROCESS cache CPU=0% MEM=133MB STATUS=RESTARTING
2026-02-14 08:17:00 PROCESS worker CPU=91% MEM=363MB STATUS=DEGRADED
2026-02-14 08:22:44 PROCESS auth-service CPU=2% MEM=154MB STATUS=RESTARTING
2026-02-14 08:22:48 PROCESS db-proxy CPU=0% MEM=172MB STATUS=RUNNING
2026-02-14 08:11:26 PROCESS db-proxy CPU=6% MEM=204MB STATUS=RUNNING
2026-02-14 08:11:28 PROCESS auth-service CPU=7% MEM=149MB STATUS=DEGRADED
2026-02-14 08:11:30 PROCESS payment-service CPU=19% MEM=160MB STATUS=RUNNING
2026-02-14 08:05:46 PROCESS api-service CPU=27% MEM=173MB STATUS=RUNNING
2026-02-14 08:11:34 PROCESS db-proxy CPU=14% MEM=148MB STATUS=RUNNING
2026-02-14 08:05:48 PROCESS cache CPU=5% MEM=117MB STATUS=RUNNING
2026-02-14 08:29:05 PROCESS db-proxy CPU=9% MEM=160MB STATUS=RUNNING
2026-02-14 08:29:10 PROCESS worker CPU=24% MEM=265MB STATUS=RUNNING
2026-02-14 08:17:33 PROCESS worker CPU=34% MEM=221MB STATUS=RESTARTING
2026-02-14 08:17:36 PROCESS cache CPU=25% MEM=98MB STATUS=RUNNING
2026-02-14 08:17:39 PROCESS db-proxy CPU=26% MEM=158MB STATUS=RUNNING
2026-02-14 08:05:54 PROCESS auth-service CPU=20% MEM=135MB STATUS=RUNNING
2026-02-14 08:29:35 PROCESS api-service CPU=24% MEM=268MB STATUS=DEGRADED
2026-02-14 08:23:44 PROCESS api-service CPU=28% MEM=174MB STATUS=RUNNING
2026-02-14 08:11:54 PROCESS auth-service CPU=0% MEM=129MB STATUS=RESTARTING
2026-02-14 08:29:50 PROCESS db-proxy CPU=29% MEM=150MB STATUS=RESTARTING
2026-02-14 08:11:58 PROCESS db-proxy CPU=10% MEM=210MB STATUS=RUNNING
2026-02-14 08:18:00 PROCESS db-proxy CPU=13% MEM=148MB STATUS=DEGRADED
2026-02-14 08:24:04 PROCESS db-proxy CPU=32% MEM=163MB STATUS=RESTARTING
2026-02-14 08:18:06 PROCESS cache CPU=4% MEM=162MB STATUS=RUNNING
2026-02-14 08:24:12 PROCESS auth-service CPU=2% MEM=167MB STATUS=RESTARTING
2026-02-14 08:18:12 PROCESS api-service CPU=21% MEM=177MB STATUS=RUNNING
2026-02-14 08:12:10 PROCESS worker CPU=16% MEM=232MB STATUS=RUNNING
2026-02-14 08:24:24 PROCESS cache CPU=5% MEM=50MB STATUS=RUNNING
2026-02-14 08:18:21 PROCESS worker CPU=7% MEM=254MB STATUS=RUNNING
2026-02-14 08:24:32 PROCESS api-service CPU=28% MEM=162MB STATUS=RUNNING
2026-02-14 08:12:18 PROCESS cache CPU=15% MEM=146MB STATUS=RESTARTING
2026-02-14 08:06:10 PROCESS cache CPU=5% MEM=122MB STATUS=RUNNING
2026-02-14 08:12:22 PROCESS payment-service CPU=25% MEM=213MB STATUS=RUNNING
2026-02-14 08:18:36 PROCESS api-service CPU=30% MEM=181MB STATUS=RUNNING
2026-02-14 08:24:52 PROCESS db-proxy CPU=0% MEM=163MB STATUS=RESTARTING
2026-02-14 08:24:56 PROCESS api-service CPU=19% MEM=232MB STATUS=RUNNING
2026-02-14 08:06:15 PROCESS auth-service CPU=5% MEM=182MB STATUS=RUNNING
2026-02-14 08:06:16 PROCESS auth-service CPU=13% MEM=140MB STATUS=RUNNING
2026-02-14 08:31:25 PROCESS payment-service CPU=82% MEM=379MB STATUS=DEGRADED
2026-02-14 08:06:18 PROCESS db-proxy CPU=15% MEM=154MB STATUS=RUNNING
2026-02-14 08:18:57 PROCESS payment-service CPU=97% MEM=326MB STATUS=DEGRADED
2026-02-14 08:25:20 PROCESS cache CPU=10% MEM=99MB STATUS=RUNNING
2026-02-14 08:19:03 PROCESS auth-service CPU=31% MEM=159MB STATUS=DEGRADED
2026-02-14 08:06:22 PROCESS auth-service CPU=15% MEM=232MB STATUS=RESTARTING
2026-02-14 08:06:23 PROCESS worker CPU=33% MEM=317MB STATUS=DEGRADED
2026-02-14 08:06:24 PROCESS cache CPU=8% MEM=114MB STATUS=RESTARTING
2026-02-14 08:06:25 PROCESS cache CPU=0% MEM=154MB STATUS=DEGRADED
2026-02-14 08:06:26 PROCESS worker CPU=48% MEM=261MB STATUS=RESTARTING
2026-02-14 08:19:21 PROCESS payment-service CPU=33% MEM=181MB STATUS=RUNNING
2026-02-14 08:19:24 PROCESS db-proxy CPU=20% MEM=167MB STATUS=RUNNING
2026-02-14 08:25:56 PROCESS auth-service CPU=7% MEM=162MB STATUS=RUNNING
2026-02-14 08:06:30 PROCESS worker CPU=25% MEM=230MB STATUS=RESTARTING
2026-02-14 08:19:33 PROCESS api-service CPU=30% MEM=244MB STATUS=RESTARTING
2026-02-14 08:06:32 PROCESS cache CPU=12% MEM=121MB STATUS=RESTARTING
2026-02-14 08:13:06 PROCESS db-proxy CPU=9% MEM=202MB STATUS=RUNNING
2026-02-14 08:26:16 PROCESS payment-service CPU=30% MEM=209MB STATUS=DEGRADED
2026-02-14 08:19:45 PROCESS payment-service CPU=34% MEM=213MB STATUS=RESTARTING
2026-02-14 08:33:00 PROCESS worker CPU=23% MEM=282MB STATUS=RUNNING
2026-02-14 08:06:37 PROCESS cache CPU=19% MEM=122MB STATUS=RUNNING
2026-02-14 08:06:38 PROCESS cache CPU=28% MEM=103MB STATUS=RUNNING
2026-02-14 08:06:39 PROCESS api-service CPU=24% MEM=242MB STATUS=RESTARTING
2026-02-14 08:33:20 PROCESS cache CPU=28% MEM=133MB STATUS=RESTARTING
2026-02-14 08:20:03 PROCESS payment-service CPU=24% MEM=125MB STATUS=RUNNING
2026-02-14 08:26:48 PROCESS auth-service CPU=22% MEM=140MB STATUS=RUNNING
2026-02-14 08:06:43 PROCESS auth-service CPU=1% MEM=139MB STATUS=RUNNING
2026-02-14 08:20:12 PROCESS auth-service CPU=85% MEM=272MB STATUS=RESTARTING
2026-02-14 08:27:00 PROCESS api-service CPU=21% MEM=189MB STATUS=RUNNING
2026-02-14 08:20:18 PROCESS db-proxy CPU=7% MEM=178MB STATUS=RUNNING
2026-02-14 08:06:47 PROCESS payment-service CPU=18% MEM=199MB STATUS=DEGRADED
2026-02-14 08:27:12 PROCESS auth-service CPU=22% MEM=96MB STATUS=RESTARTING
2026-02-14 08:06:49 PROCESS worker CPU=23% MEM=273MB STATUS=DEGRADED
2026-02-14 08:13:40 PROCESS payment-service CPU=29% MEM=201MB STATUS=RUNNING
2026-02-14 08:27:24 PROCESS cache CPU=86% MEM=342MB STATUS=RESTARTING
2026-02-14 08:13:44 PROCESS db-proxy CPU=7% MEM=196MB STATUS=RUNNING
2026-02-14 08:20:39 PROCESS payment-service CPU=5% MEM=184MB STATUS=RUNNING
2026-02-14 08:27:36 PROCESS worker CPU=30% MEM=245MB STATUS=DEGRADED
2026-02-14 08:20:45 PROCESS db-proxy CPU=15% MEM=170MB STATUS=RUNNING
2026-02-14 08:27:44 PROCESS worker CPU=34% MEM=285MB STATUS=RESTARTING
2026-02-14 08:27:48 PROCESS auth-service CPU=14% MEM=110MB STATUS=RUNNING
2026-02-14 08:27:52 PROCESS cache CPU=97% MEM=318MB STATUS=RUNNING
2026-02-14 08:13:58 PROCESS api-service CPU=12% MEM=202MB STATUS=DEGRADED
2026-02-14 08:07:00 PROCESS api-service CPU=24% MEM=171MB STATUS=RUNNING
2026-02-14 08:35:05 PROCESS api-service CPU=34% MEM=108MB STATUS=RUNNING
2026-02-14 08:14:04 PROCESS payment-service CPU=13% MEM=237MB STATUS=RESTARTING
2026-02-14 08:35:15 PROCESS db-proxy CPU=22% MEM=164MB STATUS=RUNNING
2026-02-14 08:28:16 PROCESS db-proxy CPU=25% MEM=179MB STATUS=DEGRADED
2026-02-14 08:14:10 PROCESS auth-service CPU=3% MEM=221MB STATUS=RESTARTING
2026-02-14 08:07:06 PROCESS db-proxy CPU=22% MEM=131MB STATUS=DEGRADED
2026-02-14 08:14:14 PROCESS cache CPU=8% MEM=120MB STATUS=RESTARTING
2026-02-14 08:07:08 PROCESS payment-service CPU=17% MEM=154MB STATUS=RUNNING
2026-02-14 08:07:09 PROCESS worker CPU=44% MEM=229MB STATUS=RUNNING
2026-02-14 08:35:50 PROCESS payment-service CPU=1% MEM=172MB STATUS=RUNNING
2026-02-14 08:35:55 PROCESS db-proxy CPU=16% MEM=143MB STATUS=RUNNING
2026-02-14 08:07:12 PROCESS db-proxy CPU=14% MEM=182MB STATUS=RESTARTING
2026-02-14 08:07:13 PROCESS payment-service CPU=24% MEM=165MB STATUS=DEGRADED
2026-02-14 08:36:10 PROCESS db-proxy CPU=19% MEM=143MB STATUS=RUNNING
2026-02-14 08:14:30 PROCESS api-service CPU=16% MEM=150MB STATUS=RUNNING
2026-02-14 08:21:48 PROCESS worker CPU=37% MEM=258MB STATUS=DEGRADED
2026-02-14 08:29:08 PROCESS db-proxy CPU=12% MEM=165MB STATUS=RUNNING
2026-02-14 08:14:36 PROCESS cache CPU=18% MEM=131MB STATUS=DEGRADED
2026-02-14 08:14:38 PROCESS payment-service CPU=30% MEM=165MB STATUS=DEGRADED
2026-02-14 08:14:40 PROCESS worker CPU=30% MEM=195MB STATUS=RESTARTING
2026-02-14 08:36:45 PROCESS cache CPU=0% MEM=119MB STATUS=RUNNING
2026-02-14 08:14:44 PROCESS worker CPU=28% MEM=308MB STATUS=RESTARTING
2026-02-14 08:29:32 PROCESS payment-service CPU=14% MEM=220MB STATUS=RUNNING
2026-02-14 08:37:00 PROCESS db-proxy CPU=14% MEM=148MB STATUS=RESTARTING
2026-02-14 08:29:40 PROCESS cache CPU=11% MEM=150MB STATUS=RUNNING
2026-02-14 08:29:44 PROCESS worker CPU=32% MEM=237MB STATUS=RESTARTING
2026-02-14 08:14:54 PROCESS db-proxy CPU=28% MEM=197MB STATUS=RUNNING
2026-02-14 08:07:28 PROCESS payment-service CPU=20% MEM=178MB STATUS=RUNNING
2026-02-14 08:07:29 PROCESS worker CPU=34% MEM=239MB STATUS=RUNNING
2026-02-14 08:22:30 PROCESS api-service CPU=26% MEM=219MB STATUS=RUNNING
2026-02-14 08:07:31 PROCESS auth-service CPU=94% MEM=318MB STATUS=DEGRADED
2026-02-14 08:37:40 PROCESS auth-service CPU=2% MEM=119MB STATUS=RUNNING
2026-02-14 08:07:33 PROCESS db-proxy CPU=39% MEM=170MB STATUS=RUNNING
2026-02-14 08:22:42 PROCESS db-proxy CPU=22% MEM=210MB STATUS=RUNNING
2026-02-14 08:22:45 PROCESS cache CPU=0% MEM=123MB STATUS=RUNNING
2026-02-14 08:38:00 PROCESS cache CPU=0% MEM=123MB STATUS=RESTARTING
2026-02-14 08:30:28 PROCESS cache CPU=1% MEM=80MB STATUS=RESTARTING
2026-02-14 08:07:38 PROCESS cache CPU=7% MEM=112MB STATUS=DEGRADED
2026-02-14 08:38:15 PROCESS auth-service CPU=9% MEM=181MB STATUS=RUNNING
2026-02-14 08:07:40 PROCESS api-service CPU=34% MEM=201MB STATUS=RUNNING
2026-02-14 08:23:03 PROCESS worker CPU=42% MEM=285MB STATUS=RUNNING
2026-02-14 08:15:24 PROCESS payment-service CPU=16% MEM=172MB STATUS=RUNNING
2026-02-14 08:15:26 PROCESS cache CPU=7% MEM=97MB STATUS=RUNNING
2026-02-14 08:07:44 PROCESS api-service CPU=16% MEM=233MB STATUS=RUNNING
2026-02-14 08:38:45 PROCESS auth-service CPU=20% MEM=176MB STATUS=RUNNING
2026-02-14 08:15:32 PROCESS api-service CPU=44% MEM=222MB STATUS=RUNNING
2026-02-14 08:07:47 PROCESS worker CPU=28% MEM=252MB STATUS=RESTARTING
2026-02-14 08:07:48 PROCESS auth-service CPU=26% MEM=111MB STATUS=RUNNING
2026-02-14 08:23:27 PROCESS worker CPU=42% MEM=312MB STATUS=RUNNING
2026-02-14 08:31:20 PROCESS db-proxy CPU=29% MEM=185MB STATUS=RUNNING
2026-02-14 08:39:15 PROCESS db-proxy CPU=33% MEM=159MB STATUS=DEGRADED
2026-02-14 08:07:52 PROCESS worker CPU=48% MEM=263MB STATUS=RUNNING
2026-02-14 08:39:25 PROCESS worker CPU=51% MEM=225MB STATUS=RESTARTING
2026-02-14 08:15:48 PROCESS payment-service CPU=30% MEM=185MB STATUS=RUNNING
2026-02-14 08:31:40 PROCESS db-proxy CPU=25% MEM=156MB STATUS=RUNNING
2026-02-14 08:15:52 PROCESS api-service CPU=33% MEM=216MB STATUS=RUNNING
2026-02-14 08:23:51 PROCESS db-proxy CPU=11% MEM=194MB STATUS=RUNNING
2026-02-14 08:23:54 PROCESS db-proxy CPU=21% MEM=150MB STATUS=RUNNING
2026-02-14 08:07:59 PROCESS api-service CPU=11% MEM=164MB STATUS=RUNNING
2026-02-14 08:16:00 PROCESS worker CPU=20% MEM=265MB STATUS=DEGRADED
2026-02-14 08:24:03 PROCESS db-proxy CPU=22% MEM=126MB STATUS=DEGRADED
2026-02-14 08:24:06 PROCESS payment-service CPU=23% MEM=183MB STATUS=RESTARTING
2026-02-14 08:32:12 PROCESS worker CPU=36% MEM=241MB STATUS=DEGRADED
2026-02-14 08:08:04 PROCESS payment-service CPU=27% MEM=191MB STATUS=RESTARTING
2026-02-14 08:24:15 PROCESS cache CPU=21% MEM=70MB STATUS=RUNNING
2026-02-14 08:40:30 PROCESS api-service CPU=9% MEM=167MB STATUS=RUNNING
2026-02-14 08:16:14 PROCESS worker CPU=36% MEM=248MB STATUS=RUNNING
2026-02-14 08:24:24 PROCESS payment-service CPU=25% MEM=239MB STATUS=DEGRADED
2026-02-14 08:16:18 PROCESS api-service CPU=87% MEM=277MB STATUS=RESTARTING
2026-02-14 08:40:50 PROCESS payment-service CPU=9% MEM=195MB STATUS=RESTARTING
2026-02-14 08:32:44 PROCESS api-service CPU=26% MEM=163MB STATUS=RUNNING
2026-02-14 08:41:00 PROCESS payment-service CPU=23% MEM=180MB STATUS=DEGRADED
2026-02-14 08:24:39 PROCESS api-service CPU=14% MEM=204MB STATUS=RESTARTING
2026-02-14 08:08:14 PROCESS api-service CPU=42% MEM=165MB STATUS=RUNNING
2026-02-14 08:33:00 PROCESS payment-service CPU=12% MEM=234MB STATUS=RUNNING
2026-02-14 08:24:48 PROCESS auth-service CPU=10% MEM=150MB STATUS=DEGRADED
2026-02-14 08:16:34 PROCESS db-proxy CPU=20% MEM=143MB STATUS=DEGRADED
2026-02-14 08:33:12 PROCESS cache CPU=21% MEM=167MB STATUS=DEGRADED
2026-02-14 08:33:16 PROCESS worker CPU=32% MEM=268MB STATUS=RUNNING
2026-02-14 08:16:40 PROCESS db-proxy CPU=13% MEM=134MB STATUS=RUNNING
2026-02-14 08:41:45 PROCESS db-proxy CPU=8% MEM=142MB STATUS=RESTARTING
2026-02-14 08:16:44 PROCESS worker CPU=38% MEM=237MB STATUS=RUNNING
2026-02-14 08:33:32 PROCESS db-proxy CPU=4% MEM=117MB STATUS=RESTARTING
2026-02-14 08:25:12 PROCESS auth-service CPU=14% MEM=123MB STATUS=RESTARTING
2026-02-14 08:42:05 PROCESS api-service CPU=23% MEM=164MB STATUS=RUNNING
2026-02-14 08:25:18 PROCESS api-service CPU=34% MEM=175MB STATUS=RUNNING
2026-02-14 08:25:21 PROCESS payment-service CPU=20% MEM=199MB STATUS=DEGRADED
2026-02-14 08:42:20 PROCESS payment-service CPU=10% MEM=200MB STATUS=DEGRADED
2026-02-14 08:42:25 PROCESS payment-service CPU=20% MEM=219MB STATUS=RUNNING
2026-02-14 08:42:30 PROCESS payment-service CPU=15% MEM=211MB STATUS=RUNNING
2026-02-14 08:34:04 PROCESS db-proxy CPU=18% MEM=200MB STATUS=DEGRADED
2026-02-14 08:42:40 PROCESS worker CPU=47% MEM=258MB STATUS=DEGRADED
2026-02-14 08:34:12 PROCESS db-proxy CPU=3% MEM=186MB STATUS=RUNNING
2026-02-14 08:34:16 PROCESS db-proxy CPU=27% MEM=140MB STATUS=RUNNING
2026-02-14 08:25:45 PROCESS api-service CPU=44% MEM=197MB STATUS=RUNNING
2026-02-14 08:43:00 PROCESS db-proxy CPU=7% MEM=135MB STATUS=RUNNING
2026-02-14 08:08:37 PROCESS worker CPU=43% MEM=198MB STATUS=RUNNING
2026-02-14 08:17:16 PROCESS payment-service CPU=40% MEM=185MB STATUS=RUNNING
2026-02-14 08:34:36 PROCESS cache CPU=2% MEM=163MB STATUS=RUNNING
2026-02-14 08:17:20 PROCESS db-proxy CPU=0% MEM=113MB STATUS=RUNNING
2026-02-14 08:43:25 PROCESS db-proxy CPU=19% MEM=151MB STATUS=RESTARTING
2026-02-14 08:08:42 PROCESS payment-service CPU=11% MEM=192MB STATUS=RUNNING
2026-02-14 08:34:52 PROCESS api-service CPU=32% MEM=197MB STATUS=RUNNING
2026-02-14 08:08:44 PROCESS payment-service CPU=29% MEM=184MB STATUS=RUNNING
2026-02-14 08:26:15 PROCESS payment-service CPU=95% MEM=347MB STATUS=DEGRADED
2026-02-14 08:17:32 PROCESS worker CPU=35% MEM=234MB STATUS=RUNNING
2026-02-14 08:26:21 PROCESS payment-service CPU=22% MEM=211MB STATUS=DEGRADED
2026-02-14 08:17:36 PROCESS db-proxy CPU=4% MEM=129MB STATUS=RUNNING
2026-02-14 08:26:27 PROCESS cache CPU=8% MEM=70MB STATUS=RUNNING
2026-02-14 08:08:50 PROCESS auth-service CPU=1% MEM=140MB STATUS=RUNNING
2026-02-14 08:26:33 PROCESS worker CPU=29% MEM=303MB STATUS=RUNNING
2026-02-14 08:08:52 PROCESS auth-service CPU=14% MEM=143MB STATUS=DEGRADED
2026-02-14 08:35:32 PROCESS payment-service CPU=9% MEM=217MB STATUS=RUNNING
2026-02-14 08:35:36 PROCESS db-proxy CPU=14% MEM=171MB STATUS=RESTARTING
2026-02-14 08:44:35 PROCESS payment-service CPU=16% MEM=191MB STATUS=RESTARTING
2026-02-14 08:44:40 PROCESS api-service CPU=22% MEM=149MB STATUS=RESTARTING
2026-02-14 08:35:48 PROCESS auth-service CPU=10% MEM=143MB STATUS=RUNNING
2026-02-14 08:17:56 PROCESS worker CPU=27% MEM=252MB STATUS=DEGRADED
2026-02-14 08:08:59 PROCESS api-service CPU=33% MEM=199MB STATUS=RUNNING
2026-02-14 08:09:00 PROCESS payment-service CPU=13% MEM=201MB STATUS=RUNNING
2026-02-14 08:36:04 PROCESS db-proxy CPU=81% MEM=299MB STATUS=RUNNING
2026-02-14 08:45:10 PROCESS cache CPU=5% MEM=171MB STATUS=RUNNING
2026-02-14 08:09:03 PROCESS cache CPU=0% MEM=128MB STATUS=RESTARTING
2026-02-14 08:09:04 PROCESS worker CPU=31% MEM=288MB STATUS=RESTARTING
2026-02-14 08:27:15 PROCESS cache CPU=14% MEM=135MB STATUS=DEGRADED
2026-02-14 08:09:06 PROCESS payment-service CPU=3% MEM=200MB STATUS=RUNNING
2026-02-14 08:18:14 PROCESS auth-service CPU=31% MEM=133MB STATUS=RUNNING
2026-02-14 08:36:32 PROCESS db-proxy CPU=19% MEM=126MB STATUS=DEGRADED
2026-02-14 08:18:18 PROCESS worker CPU=51% MEM=291MB STATUS=RUNNING
2026-02-14 08:27:30 PROCESS db-proxy CPU=20% MEM=187MB STATUS=RUNNING
2026-02-14 08:18:22 PROCESS payment-service CPU=18% MEM=126MB STATUS=RUNNING
2026-02-14 08:18:24 PROCESS api-service CPU=27% MEM=197MB STATUS=RESTARTING
2026-02-14 08:46:05 PROCESS worker CPU=47% MEM=226MB STATUS=RUNNING
2026-02-14 08:36:56 PROCESS db-proxy CPU=12% MEM=136MB STATUS=RUNNING
2026-02-14 08:37:00 PROCESS db-proxy CPU=8% MEM=167MB STATUS=RUNNING
2026-02-14 08:27:48 PROCESS api-service CPU=86% MEM=357MB STATUS=DEGRADED
2026-02-14 08:09:17 PROCESS payment-service CPU=34% MEM=233MB STATUS=RESTARTING
2026-02-14 08:37:12 PROCESS cache CPU=0% MEM=104MB STATUS=RUNNING
2026-02-14 08:18:38 PROCESS payment-service CPU=33% MEM=195MB STATUS=RUNNING
2026-02-14 08:09:20 PROCESS auth-service CPU=12% MEM=156MB STATUS=RUNNING
2026-02-14 08:09:21 PROCESS worker CPU=43% MEM=247MB STATUS=DEGRADED
2026-02-14 08:09:22 PROCESS payment-service CPU=26% MEM=208MB STATUS=RUNNING
2026-02-14 08:18:46 PROCESS cache CPU=0% MEM=141MB STATUS=DEGRADED
2026-02-14 08:28:12 PROCESS worker CPU=35% MEM=283MB STATUS=DEGRADED
2026-02-14 08:37:40 PROCESS auth-service CPU=11% MEM=116MB STATUS=RUNNING
2026-02-14 08:37:44 PROCESS worker CPU=30% MEM=191MB STATUS=RUNNING
2026-02-14 08:47:15 PROCESS payment-service CPU=22% MEM=199MB STATUS=RUNNING
2026-02-14 08:09:28 PROCESS api-service CPU=36% MEM=193MB STATUS=DEGRADED
2026-02-14 08:47:25 PROCESS payment-service CPU=13% MEM=207MB STATUS=RUNNING
2026-02-14 08:19:00 PROCESS db-proxy CPU=26% MEM=141MB STATUS=RESTARTING
2026-02-14 08:47:35 PROCESS payment-service CPU=6% MEM=170MB STATUS=RUNNING
2026-02-14 08:28:36 PROCESS db-proxy CPU=17% MEM=128MB STATUS=RUNNING
2026-02-14 08:38:12 PROCESS cache CPU=15% MEM=118MB STATUS=RESTARTING
2026-02-14 08:28:42 PROCESS db-proxy CPU=25% MEM=105MB STATUS=DEGRADED
2026-02-14 08:47:55 PROCESS cache CPU=11% MEM=119MB STATUS=RUNNING
2026-02-14 08:48:00 PROCESS payment-service CPU=29% MEM=155MB STATUS=DEGRADED
2026-02-14 08:28:51 PROCESS payment-service CPU=11% MEM=210MB STATUS=RESTARTING
2026-02-14 08:09:38 PROCESS payment-service CPU=18% MEM=172MB STATUS=RUNNING
2026-02-14 08:09:39 PROCESS auth-service CPU=90% MEM=252MB STATUS=RUNNING
2026-02-14 08:29:00 PROCESS auth-service CPU=86% MEM=322MB STATUS=RESTARTING
2026-02-14 08:38:44 PROCESS worker CPU=32% MEM=283MB STATUS=RUNNING
2026-02-14 08:09:42 PROCESS worker CPU=31% MEM=255MB STATUS=RUNNING
2026-02-14 08:48:35 PROCESS api-service CPU=24% MEM=182MB STATUS=RUNNING
2026-02-14 08:09:44 PROCESS auth-service CPU=12% MEM=107MB STATUS=RUNNING
2026-02-14 08:39:00 PROCESS cache CPU=16% MEM=118MB STATUS=RUNNING
2026-02-14 08:39:04 PROCESS cache CPU=14% MEM=130MB STATUS=RUNNING
2026-02-14 08:19:34 PROCESS api-service CPU=7% MEM=153MB STATUS=RUNNING
2026-02-14 08:49:00 PROCESS payment-service CPU=22% MEM=237MB STATUS=RESTARTING
2026-02-14 08:29:27 PROCESS cache CPU=3% MEM=154MB STATUS=RUNNING
2026-02-14 08:29:30 PROCESS worker CPU=51% MEM=312MB STATUS=DEGRADED
2026-02-14 08:49:15 PROCESS payment-service CPU=21% MEM=211MB STATUS=DEGRADED
2026-02-14 08:29:36 PROCESS db-proxy CPU=15% MEM=140MB STATUS=RUNNING
2026-02-14 08:29:39 PROCESS payment-service CPU=26% MEM=215MB STATUS=RESTARTING
2026-02-14 08:39:36 PROCESS auth-service CPU=24% MEM=124MB STATUS=RUNNING
2026-02-14 08:09:55 PROCESS db-proxy CPU=26% MEM=149MB STATUS=RUNNING
2026-02-14 08:39:44 PROCESS payment-service CPU=44% MEM=167MB STATUS=RESTARTING
2026-02-14 08:49:45 PROCESS auth-service CPU=9% MEM=116MB STATUS=RUNNING
2026-02-14 08:19:56 PROCESS auth-service CPU=0% MEM=143MB STATUS=RUNNING
2026-02-14 08:29:57 PROCESS api-service CPU=89% MEM=273MB STATUS=RESTARTING
2026-02-14 08:10:00 PROCESS payment-service CPU=23% MEM=180MB STATUS=RUNNING
2026-02-14 08:40:04 PROCESS auth-service CPU=31% MEM=91MB STATUS=RUNNING
2026-02-14 08:50:10 PROCESS cache CPU=9% MEM=154MB STATUS=DEGRADED
2026-02-14 08:10:03 PROCESS cache CPU=84% MEM=252MB STATUS=RUNNING
2026-02-14 08:30:12 PROCESS db-proxy CPU=18% MEM=140MB STATUS=RUNNING
2026-02-14 08:20:10 PROCESS auth-service CPU=25% MEM=150MB STATUS=RUNNING
2026-02-14 08:20:12 PROCESS db-proxy CPU=43% MEM=154MB STATUS=DEGRADED
2026-02-14 08:50:35 PROCESS worker CPU=31% MEM=252MB STATUS=RUNNING
2026-02-14 08:30:24 PROCESS cache CPU=21% MEM=131MB STATUS=RUNNING
2026-02-14 08:40:36 PROCESS api-service CPU=31% MEM=157MB STATUS=RESTARTING
2026-02-14 08:30:30 PROCESS api-service CPU=38% MEM=215MB STATUS=RESTARTING
2026-02-14 08:40:44 PROCESS api-service CPU=26% MEM=151MB STATUS=RESTARTING
2026-02-14 08:51:00 PROCESS auth-service CPU=0% MEM=130MB STATUS=RUNNING
2026-02-14 08:10:13 PROCESS cache CPU=23% MEM=97MB STATUS=DEGRADED
2026-02-14 08:10:14 PROCESS payment-service CPU=8% MEM=225MB STATUS=RESTARTING
2026-02-14 08:10:15 PROCESS payment-service CPU=43% MEM=183MB STATUS=DEGRADED
2026-02-14 08:41:04 PROCESS db-proxy CPU=8% MEM=182MB STATUS=RUNNING
2026-02-14 08:10:17 PROCESS payment-service CPU=18% MEM=264MB STATUS=RUNNING
2026-02-14 08:30:54 PROCESS auth-service CPU=16% MEM=96MB STATUS=RUNNING
2026-02-14 08:20:38 PROCESS auth-service CPU=28% MEM=175MB STATUS=RESTARTING
2026-02-14 08:51:40 PROCESS cache CPU=2% MEM=113MB STATUS=RUNNING
2026-02-14 08:10:21 PROCESS db-proxy CPU=0% MEM=178MB STATUS=RUNNING
2026-02-14 08:20:44 PROCESS auth-service CPU=26% MEM=167MB STATUS=RUNNING
2026-02-14 08:41:32 PROCESS payment-service CPU=30% MEM=252MB STATUS=RUNNING
2026-02-14 08:41:36 PROCESS worker CPU=33% MEM=218MB STATUS=RUNNING
2026-02-14 08:10:25 PROCESS api-service CPU=20% MEM=147MB STATUS=DEGRADED
2026-02-14 08:52:10 PROCESS auth-service CPU=3% MEM=118MB STATUS=RUNNING
2026-02-14 08:10:27 PROCESS payment-service CPU=22% MEM=170MB STATUS=RUNNING
2026-02-14 08:10:28 PROCESS db-proxy CPU=8% MEM=137MB STATUS=RUNNING
2026-02-14 08:52:25 PROCESS api-service CPU=17% MEM=180MB STATUS=RUNNING
2026-02-14 08:52:30 PROCESS api-service CPU=98% MEM=288MB STATUS=RUNNING
2026-02-14 08:31:33 PROCESS payment-service CPU=80% MEM=346MB STATUS=DEGRADED
2026-02-14 08:31:36 PROCESS auth-service CPU=2% MEM=119MB STATUS=RESTARTING
2026-02-14 08:31:39 PROCESS payment-service CPU=15% MEM=184MB STATUS=RUNNING
2026-02-14 08:42:16 PROCESS cache CPU=21% MEM=138MB STATUS=RESTARTING
2026-02-14 08:10:35 PROCESS cache CPU=7% MEM=93MB STATUS=DEGRADED
2026-02-14 08:10:36 PROCESS db-proxy CPU=7% MEM=156MB STATUS=RUNNING
2026-02-14 08:42:28 PROCESS payment-service CPU=16% MEM=269MB STATUS=DEGRADED
2026-02-14 08:21:16 PROCESS api-service CPU=26% MEM=148MB STATUS=RUNNING
2026-02-14 08:31:57 PROCESS worker CPU=41% MEM=221MB STATUS=RUNNING
2026-02-14 08:21:20 PROCESS cache CPU=9% MEM=113MB STATUS=DEGRADED
2026-02-14 08:32:03 PROCESS payment-service CPU=22% MEM=251MB STATUS=DEGRADED
2026-02-14 08:10:42 PROCESS payment-service CPU=8% MEM=185MB STATUS=RUNNING
2026-02-14 08:21:26 PROCESS cache CPU=23% MEM=120MB STATUS=DEGRADED
2026-02-14 08:21:28 PROCESS cache CPU=0% MEM=115MB STATUS=RUNNING
2026-02-14 08:21:30 PROCESS db-proxy CPU=11% MEM=166MB STATUS=RESTARTING
2026-02-14 08:53:50 PROCESS payment-service CPU=87% MEM=315MB STATUS=RUNNING
2026-02-14 08:43:08 PROCESS worker CPU=57% MEM=293MB STATUS=RUNNING
2026-02-14 08:10:48 PROCESS db-proxy CPU=0% MEM=209MB STATUS=RUNNING
2026-02-14 08:32:27 PROCESS payment-service CPU=19% MEM=201MB STATUS=RUNNING
2026-02-14 08:10:50 PROCESS api-service CPU=21% MEM=175MB STATUS=RUNNING
2026-02-14 08:54:15 PROCESS auth-service CPU=4% MEM=166MB STATUS=RUNNING
2026-02-14 08:10:52 PROCESS api-service CPU=32% MEM=170MB STATUS=RESTARTING
2026-02-14 08:43:32 PROCESS api-service CPU=24% MEM=195MB STATUS=DEGRADED
2026-02-14 08:54:30 PROCESS payment-service CPU=37% MEM=211MB STATUS=RUNNING
2026-02-14 08:21:50 PROCESS worker CPU=31% MEM=303MB STATUS=RUNNING
2026-02-14 08:21:52 PROCESS api-service CPU=37% MEM=135MB STATUS=DEGRADED
2026-02-14 08:21:54 PROCESS db-proxy CPU=15% MEM=173MB STATUS=RUNNING
2026-02-14 08:32:54 PROCESS cache CPU=89% MEM=300MB STATUS=RESTARTING
2026-02-14 08:21:58 PROCESS worker CPU=17% MEM=241MB STATUS=RUNNING
2026-02-14 08:44:00 PROCESS worker CPU=50% MEM=258MB STATUS=RUNNING
2026-02-14 08:11:01 PROCESS cache CPU=0% MEM=122MB STATUS=RUNNING
2026-02-14 08:33:06 PROCESS payment-service CPU=17% MEM=227MB STATUS=RESTARTING
2026-02-14 08:44:12 PROCESS api-service CPU=34% MEM=174MB STATUS=DEGRADED
2026-02-14 08:33:12 PROCESS api-service CPU=21% MEM=130MB STATUS=RUNNING
2026-02-14 08:44:20 PROCESS db-proxy CPU=19% MEM=166MB STATUS=RUNNING
2026-02-14 08:44:24 PROCESS worker CPU=38% MEM=324MB STATUS=RUNNING
2026-02-14 08:55:35 PROCESS auth-service CPU=88% MEM=359MB STATUS=RUNNING
2026-02-14 08:44:32 PROCESS worker CPU=42% MEM=286MB STATUS=RUNNING
2026-02-14 08:33:27 PROCESS auth-service CPU=8% MEM=121MB STATUS=RESTARTING
2026-02-14 08:22:20 PROCESS auth-service CPU=5% MEM=148MB STATUS=RUNNING
2026-02-14 08:11:11 PROCESS cache CPU=13% MEM=68MB STATUS=RUNNING
2026-02-14 08:56:00 PROCESS auth-service CPU=21% MEM=141MB STATUS=RUNNING
2026-02-14 08:33:39 PROCESS auth-service CPU=5% MEM=147MB STATUS=RUNNING
2026-02-14 08:11:14 PROCESS api-service CPU=29% MEM=160MB STATUS=RUNNING
2026-02-14 08:33:45 PROCESS cache CPU=1% MEM=128MB STATUS=RUNNING
2026-02-14 08:56:20 PROCESS payment-service CPU=23% MEM=223MB STATUS=RUNNING
2026-02-14 08:33:51 PROCESS worker CPU=41% MEM=282MB STATUS=RUNNING
2026-02-14 08:33:54 PROCESS worker CPU=41% MEM=228MB STATUS=RUNNING
2026-02-14 08:33:57 PROCESS cache CPU=5% MEM=134MB STATUS=RUNNING
2026-02-14 08:34:00 PROCESS api-service CPU=39% MEM=155MB STATUS=DEGRADED
2026-02-14 08:34:03 PROCESS api-service CPU=23% MEM=167MB STATUS=RUNNING
2026-02-14 08:11:22 PROCESS cache CPU=5% MEM=87MB STATUS=DEGRADED
2026-02-14 08:11:23 PROCESS payment-service CPU=12% MEM=200MB STATUS=DEGRADED
2026-02-14 08:34:12 PROCESS db-proxy CPU=92% MEM=332MB STATUS=RUNNING
2026-02-14 08:34:15 PROCESS worker CPU=30% MEM=248MB STATUS=DEGRADED
2026-02-14 08:57:10 PROCESS payment-service CPU=15% MEM=219MB STATUS=DEGRADED
2026-02-14 08:11:27 PROCESS auth-service CPU=4% MEM=143MB STATUS=RESTARTING
2026-02-14 08:11:28 PROCESS worker CPU=39% MEM=330MB STATUS=DEGRADED
2026-02-14 08:34:27 PROCESS db-proxy CPU=10% MEM=196MB STATUS=RUNNING
2026-02-14 08:23:00 PROCESS worker CPU=24% MEM=257MB STATUS=RUNNING
2026-02-14 08:23:02 PROCESS cache CPU=13% MEM=149MB STATUS=RUNNING
2026-02-14 08:46:08 PROCESS cache CPU=95% MEM=257MB STATUS=DEGRADED
2026-02-14 08:23:06 PROCESS db-proxy CPU=28% MEM=152MB STATUS=RUNNING
2026-02-14 08:34:42 PROCESS auth-service CPU=38% MEM=141MB STATUS=RESTARTING
2026-02-14 08:23:10 PROCESS api-service CPU=38% MEM=193MB STATUS=RUNNING
2026-02-14 08:46:24 PROCESS cache CPU=25% MEM=102MB STATUS=DEGRADED
2026-02-14 08:11:37 PROCESS db-proxy CPU=38% MEM=201MB STATUS=DEGRADED
2026-02-14 08:23:16 PROCESS payment-service CPU=25% MEM=185MB STATUS=DEGRADED
2026-02-14 08:11:39 PROCESS db-proxy CPU=18% MEM=170MB STATUS=DEGRADED
2026-02-14 08:23:20 PROCESS db-proxy CPU=10% MEM=138MB STATUS=RUNNING
2026-02-14 08:23:22 PROCESS auth-service CPU=6% MEM=106MB STATUS=DEGRADED
2026-02-14 08:35:06 PROCESS db-proxy CPU=32% MEM=115MB STATUS=RUNNING
2026-02-14 08:23:26 PROCESS payment-service CPU=34% MEM=181MB STATUS=RUNNING
2026-02-14 08:58:40 PROCESS auth-service CPU=12% MEM=190MB STATUS=RUNNING
2026-02-14 08:58:45 PROCESS cache CPU=21% MEM=167MB STATUS=RUNNING
2026-02-14 08:11:46 PROCESS api-service CPU=30% MEM=183MB STATUS=RUNNING
2026-02-14 08:58:55 PROCESS cache CPU=85% MEM=233MB STATUS=DEGRADED
2026-02-14 08:35:24 PROCESS auth-service CPU=19% MEM=127MB STATUS=RUNNING
2026-02-14 08:47:16 PROCESS api-service CPU=38% MEM=173MB STATUS=DEGRADED
2026-02-14 08:35:30 PROCESS db-proxy CPU=25% MEM=138MB STATUS=RUNNING
2026-02-14 08:59:15 PROCESS cache CPU=6% MEM=112MB STATUS=DEGRADED
2026-02-14 08:59:20 PROCESS auth-service CPU=8% MEM=123MB STATUS=RUNNING
2026-02-14 08:47:32 PROCESS auth-service CPU=27% MEM=192MB STATUS=RUNNING
2026-02-14 08:59:30 PROCESS auth-service CPU=20% MEM=124MB STATUS=RESTARTING
2026-02-14 08:11:55 PROCESS auth-service CPU=12% MEM=84MB STATUS=RUNNING
2026-02-14 08:11:56 PROCESS api-service CPU=26% MEM=155MB STATUS=DEGRADED
2026-02-14 08:47:48 PROCESS db-proxy CPU=28% MEM=139MB STATUS=DEGRADED
2026-02-14 08:23:56 PROCESS cache CPU=6% MEM=160MB STATUS=DEGRADED
2026-02-14 08:59:55 PROCESS auth-service CPU=27% MEM=149MB STATUS=RESTARTING
2026-02-14 08:12:00 PROCESS worker CPU=36% MEM=200MB STATUS=DEGRADED
2026-02-14 08:24:02 PROCESS cache CPU=19% MEM=115MB STATUS=RESTARTING
2026-02-14 08:36:06 PROCESS db-proxy CPU=14% MEM=183MB STATUS=RUNNING
2026-02-14 08:24:06 PROCESS cache CPU=0% MEM=117MB STATUS=RUNNING
2026-02-14 08:24:08 PROCESS api-service CPU=26% MEM=161MB STATUS=RUNNING
2026-02-14 09:00:25 PROCESS payment-service CPU=29% MEM=150MB STATUS=DEGRADED
2026-02-14 08:36:18 PROCESS payment-service CPU=97% MEM=353MB STATUS=DEGRADED
2026-02-14 09:00:35 PROCESS cache CPU=0% MEM=110MB STATUS=RUNNING
2026-02-14 08:36:24 PROCESS payment-service CPU=17% MEM=211MB STATUS=RUNNING
2026-02-14 09:00:45 PROCESS db-proxy CPU=39% MEM=165MB STATUS=RUNNING
2026-02-14 08:24:20 PROCESS api-service CPU=21% MEM=226MB STATUS=RUNNING
2026-02-14 08:48:44 PROCESS cache CPU=91% MEM=214MB STATUS=RESTARTING
2026-02-14 08:24:24 PROCESS auth-service CPU=15% MEM=120MB STATUS=RUNNING
2026-02-14 08:36:39 PROCESS worker CPU=33% MEM=232MB STATUS=RESTARTING
2026-02-14 09:01:10 PROCESS cache CPU=93% MEM=285MB STATUS=RUNNING
2026-02-14 08:24:30 PROCESS payment-service CPU=95% MEM=373MB STATUS=RESTARTING
2026-02-14 08:12:16 PROCESS worker CPU=30% MEM=233MB STATUS=RUNNING
2026-02-14 08:36:51 PROCESS worker CPU=38% MEM=264MB STATUS=RUNNING
2026-02-14 08:24:36 PROCESS db-proxy CPU=84% MEM=302MB STATUS=DEGRADED
2026-02-14 09:01:35 PROCESS cache CPU=1% MEM=160MB STATUS=RESTARTING
2026-02-14 08:12:20 PROCESS payment-service CPU=15% MEM=248MB STATUS=RUNNING
2026-02-14 08:37:03 PROCESS worker CPU=42% MEM=274MB STATUS=RUNNING
2026-02-14 08:12:22 PROCESS api-service CPU=35% MEM=161MB STATUS=RUNNING
2026-02-14 09:01:55 PROCESS auth-service CPU=21% MEM=161MB STATUS=RUNNING
2026-02-14 08:24:48 PROCESS cache CPU=23% MEM=147MB STATUS=RUNNING
2026-02-14 08:12:25 PROCESS auth-service CPU=24% MEM=106MB STATUS=RUNNING
2026-02-14 08:37:18 PROCESS cache CPU=9% MEM=112MB STATUS=RUNNING
2026-02-14 09:02:15 PROCESS auth-service CPU=8% MEM=165MB STATUS=RUNNING
2026-02-14 08:49:52 PROCESS auth-service CPU=16% MEM=158MB STATUS=RUNNING
2026-02-14 08:12:29 PROCESS db-proxy CPU=11% MEM=157MB STATUS=RUNNING
2026-02-14 08:50:00 PROCESS payment-service CPU=35% MEM=215MB STATUS=RUNNING
2026-02-14 09:02:35 PROCESS cache CPU=5% MEM=86MB STATUS=DEGRADED
2026-02-14 08:37:36 PROCESS payment-service CPU=11% MEM=205MB STATUS=RESTARTING
2026-02-14 08:50:12 PROCESS payment-service CPU=94% MEM=259MB STATUS=RESTARTING
2026-02-14 08:37:42 PROCESS cache CPU=8% MEM=148MB STATUS=RUNNING
2026-02-14 08:50:20 PROCESS payment-service CPU=30% MEM=198MB STATUS=RESTARTING
2026-02-14 08:25:12 PROCESS payment-service CPU=26% MEM=242MB STATUS=RUNNING
2026-02-14 09:03:05 PROCESS api-service CPU=16% MEM=148MB STATUS=RESTARTING
2026-02-14 08:25:16 PROCESS db-proxy CPU=91% MEM=288MB STATUS=RESTARTING
2026-02-14 08:12:39 PROCESS db-proxy CPU=15% MEM=128MB STATUS=RUNNING
2026-02-14 08:12:40 PROCESS auth-service CPU=26% MEM=126MB STATUS=DEGRADED
2026-02-14 09:03:25 PROCESS worker CPU=34% MEM=271MB STATUS=RUNNING
2026-02-14 08:50:48 PROCESS worker CPU=36% MEM=262MB STATUS=RESTARTING
2026-02-14 08:12:43 PROCESS cache CPU=22% MEM=118MB STATUS=RUNNING
2026-02-14 08:50:56 PROCESS worker CPU=45% MEM=260MB STATUS=RUNNING
2026-02-14 08:25:30 PROCESS auth-service CPU=31% MEM=160MB STATUS=RUNNING
2026-02-14 09:03:50 PROCESS api-service CPU=35% MEM=163MB STATUS=RUNNING
2026-02-14 08:38:21 PROCESS db-proxy CPU=23% MEM=197MB STATUS=RUNNING
2026-02-14 08:12:48 PROCESS worker CPU=23% MEM=235MB STATUS=RUNNING
2026-02-14 08:51:16 PROCESS payment-service CPU=94% MEM=382MB STATUS=RESTARTING
2026-02-14 08:25:40 PROCESS worker CPU=64% MEM=237MB STATUS=RESTARTING
2026-02-14 09:04:15 PROCESS worker CPU=31% MEM=254MB STATUS=RUNNING
2026-02-14 08:12:52 PROCESS db-proxy CPU=5% MEM=164MB STATUS=DEGRADED
2026-02-14 08:12:53 PROCESS payment-service CPU=23% MEM=192MB STATUS=DEGRADED
2026-02-14 08:51:36 PROCESS db-proxy CPU=16% MEM=154MB STATUS=RUNNING
2026-02-14 08:25:50 PROCESS payment-service CPU=21% MEM=185MB STATUS=RESTARTING
2026-02-14 08:51:44 PROCESS worker CPU=44% MEM=247MB STATUS=DEGRADED
2026-02-14 08:25:54 PROCESS worker CPU=40% MEM=195MB STATUS=RUNNING
2026-02-14 08:38:54 PROCESS auth-service CPU=8% MEM=130MB STATUS=RUNNING
2026-02-14 08:51:56 PROCESS auth-service CPU=12% MEM=202MB STATUS=RUNNING
2026-02-14 08:13:00 PROCESS cache CPU=25% MEM=112MB STATUS=RUNNING
2026-02-14 08:13:01 PROCESS api-service CPU=10% MEM=201MB STATUS=RUNNING
2026-02-14 08:26:04 PROCESS worker CPU=27% MEM=222MB STATUS=RUNNING
2026-02-14 08:26:06 PROCESS auth-service CPU=96% MEM=230MB STATUS=RESTARTING
2026-02-14 08:39:12 PROCESS db-proxy CPU=29% MEM=203MB STATUS=DEGRADED
2026-02-14 08:26:10 PROCESS db-proxy CPU=15% MEM=185MB STATUS=RUNNING
2026-02-14 08:39:18 PROCESS cache CPU=11% MEM=133MB STATUS=RUNNING
2026-02-14 08:13:07 PROCESS db-proxy CPU=17% MEM=188MB STATUS=RESTARTING
2026-02-14 08:39:24 PROCESS db-proxy CPU=30% MEM=161MB STATUS=RESTARTING
2026-02-14 08:52:36 PROCESS payment-service CPU=9% MEM=193MB STATUS=RUNNING
2026-02-14 08:13:10 PROCESS payment-service CPU=42% MEM=214MB STATUS=RUNNING
2026-02-14 09:05:55 PROCESS payment-service CPU=12% MEM=161MB STATUS=RUNNING
2026-02-14 08:13:12 PROCESS auth-service CPU=18% MEM=133MB STATUS=RUNNING
2026-02-14 08:52:52 PROCESS cache CPU=86% MEM=325MB STATUS=RESTARTING
2026-02-14 09:06:10 PROCESS db-proxy CPU=23% MEM=166MB STATUS=RUNNING
2026-02-14 09:06:15 PROCESS api-service CPU=33% MEM=135MB STATUS=RUNNING
2026-02-14 08:39:48 PROCESS db-proxy CPU=16% MEM=109MB STATUS=RUNNING
2026-02-14 08:13:17 PROCESS cache CPU=21% MEM=94MB STATUS=RESTARTING
2026-02-14 08:26:36 PROCESS auth-service CPU=5% MEM=134MB STATUS=RUNNING
2026-02-14 08:53:16 PROCESS payment-service CPU=39% MEM=172MB STATUS=DEGRADED
2026-02-14 08:26:40 PROCESS db-proxy CPU=10% MEM=152MB STATUS=RUNNING
2026-02-14 08:26:42 PROCESS cache CPU=20% MEM=125MB STATUS=DEGRADED
2026-02-14 08:26:44 PROCESS cache CPU=0% MEM=129MB STATUS=RUNNING
2026-02-14 08:53:32 PROCESS auth-service CPU=20% MEM=97MB STATUS=RUNNING
2026-02-14 08:40:12 PROCESS api-service CPU=16% MEM=204MB STATUS=RUNNING
2026-02-14 08:53:40 PROCESS api-service CPU=38% MEM=192MB STATUS=RUNNING
2026-02-14 08:26:52 PROCESS cache CPU=5% MEM=105MB STATUS=RESTARTING
2026-02-14 08:40:21 PROCESS cache CPU=5% MEM=122MB STATUS=RESTARTING
2026-02-14 08:13:28 PROCESS api-service CPU=25% MEM=216MB STATUS=RUNNING
2026-02-14 08:26:58 PROCESS payment-service CPU=22% MEM=232MB STATUS=RESTARTING
2026-02-14 09:07:30 PROCESS worker CPU=34% MEM=280MB STATUS=RUNNING
2026-02-14 09:07:35 PROCESS api-service CPU=21% MEM=172MB STATUS=DEGRADED
2026-02-14 08:40:36 PROCESS auth-service CPU=16% MEM=101MB STATUS=RESTARTING
2026-02-14 08:13:33 PROCESS auth-service CPU=1% MEM=100MB STATUS=RUNNING
2026-02-14 08:27:08 PROCESS cache CPU=14% MEM=88MB STATUS=RESTARTING
2026-02-14 08:54:20 PROCESS worker CPU=43% MEM=259MB STATUS=RUNNING
2026-02-14 08:13:36 PROCESS auth-service CPU=18% MEM=173MB STATUS=RESTARTING
2026-02-14 09:08:05 PROCESS auth-service CPU=30% MEM=128MB STATUS=RESTARTING
2026-02-14 08:13:38 PROCESS db-proxy CPU=0% MEM=180MB STATUS=RUNNING
2026-02-14 08:27:18 PROCESS auth-service CPU=0% MEM=120MB STATUS=RUNNING
2026-02-14 08:41:00 PROCESS api-service CPU=22% MEM=136MB STATUS=RUNNING
2026-02-14 08:13:41 PROCESS worker CPU=4% MEM=239MB STATUS=RUNNING
2026-02-14 08:54:48 PROCESS api-service CPU=23% MEM=176MB STATUS=RUNNING
2026-02-14 08:27:26 PROCESS payment-service CPU=27% MEM=193MB STATUS=DEGRADED
2026-02-14 08:54:56 PROCESS payment-service CPU=0% MEM=186MB STATUS=DEGRADED
2026-02-14 08:41:15 PROCESS cache CPU=11% MEM=154MB STATUS=RESTARTING
2026-02-14 08:27:32 PROCESS payment-service CPU=11% MEM=207MB STATUS=RUNNING
2026-02-14 08:13:47 PROCESS worker CPU=40% MEM=286MB STATUS=RUNNING
2026-02-14 08:27:36 PROCESS auth-service CPU=90% MEM=198MB STATUS=DEGRADED
2026-02-14 08:55:16 PROCESS api-service CPU=18% MEM=200MB STATUS=RESTARTING
2026-02-14 08:55:20 PROCESS payment-service CPU=9% MEM=195MB STATUS=RUNNING
2026-02-14 08:55:24 PROCESS db-proxy CPU=11% MEM=170MB STATUS=RUNNING
2026-02-14 08:55:28 PROCESS payment-service CPU=87% MEM=358MB STATUS=DEGRADED
2026-02-14 08:41:39 PROCESS db-proxy CPU=21% MEM=222MB STATUS=DEGRADED
2026-02-14 08:55:36 PROCESS db-proxy CPU=1% MEM=129MB STATUS=RUNNING
2026-02-14 08:13:55 PROCESS db-proxy CPU=83% MEM=391MB STATUS=RUNNING
2026-02-14 08:13:56 PROCESS cache CPU=26% MEM=95MB STATUS=RESTARTING
2026-02-14 08:13:57 PROCESS api-service CPU=11% MEM=190MB STATUS=RESTARTING
2026-02-14 08:27:56 PROCESS api-service CPU=26% MEM=194MB STATUS=RUNNING
2026-02-14 08:27:58 PROCESS api-service CPU=80% MEM=318MB STATUS=RUNNING
2026-02-14 08:42:00 PROCESS auth-service CPU=24% MEM=145MB STATUS=RESTARTING
2026-02-14 09:10:05 PROCESS worker CPU=24% MEM=292MB STATUS=RUNNING
2026-02-14 08:42:06 PROCESS auth-service CPU=17% MEM=153MB STATUS=RESTARTING
2026-02-14 08:28:06 PROCESS cache CPU=80% MEM=285MB STATUS=RESTARTING
2026-02-14 08:28:08 PROCESS payment-service CPU=19% MEM=217MB STATUS=RUNNING
2026-02-14 08:42:15 PROCESS cache CPU=13% MEM=165MB STATUS=RUNNING
2026-02-14 08:42:18 PROCESS api-service CPU=14% MEM=214MB STATUS=DEGRADED
2026-02-14 09:10:35 PROCESS cache CPU=20% MEM=111MB STATUS=RUNNING
2026-02-14 08:28:16 PROCESS payment-service CPU=20% MEM=186MB STATUS=DEGRADED
2026-02-14 08:28:18 PROCESS api-service CPU=18% MEM=168MB STATUS=RUNNING
2026-02-14 08:28:20 PROCESS api-service CPU=22% MEM=175MB STATUS=RUNNING
2026-02-14 08:56:44 PROCESS worker CPU=42% MEM=317MB STATUS=RESTARTING
2026-02-14 08:42:36 PROCESS payment-service CPU=16% MEM=204MB STATUS=RUNNING
2026-02-14 09:11:05 PROCESS payment-service CPU=94% MEM=387MB STATUS=RUNNING
2026-02-14 08:42:42 PROCESS auth-service CPU=9% MEM=114MB STATUS=RUNNING
2026-02-14 08:42:45 PROCESS cache CPU=15% MEM=109MB STATUS=DEGRADED
2026-02-14 08:42:48 PROCESS db-proxy CPU=15% MEM=178MB STATUS=RUNNING
2026-02-14 08:14:17 PROCESS api-service CPU=23% MEM=197MB STATUS=RUNNING
2026-02-14 08:42:54 PROCESS db-proxy CPU=15% MEM=123MB STATUS=RUNNING
2026-02-14 08:14:19 PROCESS api-service CPU=33% MEM=185MB STATUS=RESTARTING
2026-02-14 08:14:20 PROCESS cache CPU=20% MEM=115MB STATUS=RESTARTING
2026-02-14 08:43:03 PROCESS cache CPU=20% MEM=107MB STATUS=RUNNING
2026-02-14 09:11:50 PROCESS api-service CPU=15% MEM=156MB STATUS=DEGRADED
2026-02-14 09:11:55 PROCESS api-service CPU=39% MEM=238MB STATUS=DEGRADED
2026-02-14 08:43:12 PROCESS auth-service CPU=19% MEM=111MB STATUS=RUNNING
2026-02-14 08:28:50 PROCESS db-proxy CPU=89% MEM=319MB STATUS=RUNNING
2026-02-14 09:12:10 PROCESS api-service CPU=20% MEM=165MB STATUS=DEGRADED
2026-02-14 08:43:21 PROCESS api-service CPU=15% MEM=210MB STATUS=RUNNING
2026-02-14 09:12:20 PROCESS cache CPU=8% MEM=134MB STATUS=RESTARTING
2026-02-14 09:12:25 PROCESS payment-service CPU=25% MEM=195MB STATUS=RUNNING
2026-02-14 08:43:30 PROCESS cache CPU=0% MEM=152MB STATUS=RESTARTING
2026-02-14 09:12:35 PROCESS payment-service CPU=25% MEM=218MB STATUS=DEGRADED
2026-02-14 08:58:08 PROCESS payment-service CPU=27% MEM=172MB STATUS=RUNNING
2026-02-14 08:58:12 PROCESS db-proxy CPU=17% MEM=162MB STATUS=DEGRADED
2026-02-14 08:58:16 PROCESS worker CPU=32% MEM=240MB STATUS=RUNNING
2026-02-14 08:14:35 PROCESS db-proxy CPU=3% MEM=158MB STATUS=RUNNING
2026-02-14 08:58:24 PROCESS api-service CPU=38% MEM=141MB STATUS=DEGRADED
2026-02-14 08:29:14 PROCESS auth-service CPU=9% MEM=170MB STATUS=RUNNING
2026-02-14 08:58:32 PROCESS db-proxy CPU=36% MEM=212MB STATUS=DEGRADED
2026-02-14 08:43:57 PROCESS auth-service CPU=11% MEM=168MB STATUS=RUNNING
2026-02-14 08:14:40 PROCESS db-proxy CPU=15% MEM=169MB STATUS=RUNNING
2026-02-14 08:29:22 PROCESS auth-service CPU=13% MEM=162MB STATUS=DEGRADED
2026-02-14 08:14:42 PROCESS db-proxy CPU=13% MEM=142MB STATUS=RUNNING
2026-02-14 08:44:09 PROCESS auth-service CPU=21% MEM=87MB STATUS=DEGRADED
2026-02-14 08:58:56 PROCESS db-proxy CPU=5% MEM=177MB STATUS=DEGRADED
2026-02-14 08:59:00 PROCESS worker CPU=57% MEM=253MB STATUS=DEGRADED
2026-02-14 08:14:46 PROCESS cache CPU=13% MEM=115MB STATUS=RUNNING
2026-02-14 09:13:55 PROCESS db-proxy CPU=25% MEM=188MB STATUS=DEGRADED
2026-02-14 08:59:12 PROCESS auth-service CPU=8% MEM=107MB STATUS=DEGRADED
2026-02-14 08:14:49 PROCESS worker CPU=26% MEM=286MB STATUS=RUNNING
2026-02-14 08:14:50 PROCESS cache CPU=1% MEM=183MB STATUS=DEGRADED
2026-02-14 09:14:15 PROCESS cache CPU=11% MEM=130MB STATUS=RUNNING
2026-02-14 09:14:20 PROCESS worker CPU=26% MEM=326MB STATUS=RUNNING
2026-02-14 08:29:46 PROCESS api-service CPU=28% MEM=128MB STATUS=RUNNING
2026-02-14 08:44:42 PROCESS worker CPU=16% MEM=285MB STATUS=RUNNING
2026-02-14 08:29:50 PROCESS api-service CPU=15% MEM=168MB STATUS=RESTARTING
2026-02-14 08:14:56 PROCESS worker CPU=46% MEM=266MB STATUS=RUNNING
2026-02-14 08:29:54 PROCESS auth-service CPU=6% MEM=144MB STATUS=RUNNING
2026-02-14 08:44:54 PROCESS worker CPU=22% MEM=291MB STATUS=RESTARTING
2026-02-14 08:14:59 PROCESS cache CPU=5% MEM=79MB STATUS=RUNNING
2026-02-14 09:15:00 PROCESS worker CPU=26% MEM=274MB STATUS=RUNNING
2026-02-14 08:30:02 PROCESS api-service CPU=36% MEM=211MB STATUS=RUNNING
2026-02-14 08:15:02 PROCESS payment-service CPU=22% MEM=195MB STATUS=DEGRADED
2026-02-14 09:15:15 PROCESS auth-service CPU=24% MEM=120MB STATUS=RUNNING
2026-02-14 08:45:12 PROCESS payment-service CPU=97% MEM=364MB STATUS=RUNNING
2026-02-14 08:30:10 PROCESS worker CPU=23% MEM=248MB STATUS=RUNNING
2026-02-14 08:15:06 PROCESS payment-service CPU=16% MEM=238MB STATUS=RUNNING
2026-02-14 08:15:07 PROCESS payment-service CPU=26% MEM=225MB STATUS=RUNNING
2026-02-14 08:30:16 PROCESS auth-service CPU=19% MEM=135MB STATUS=DEGRADED
2026-02-14 09:00:36 PROCESS worker CPU=44% MEM=280MB STATUS=DEGRADED
2026-02-14 09:00:40 PROCESS auth-service CPU=80% MEM=295MB STATUS=RUNNING
2026-02-14 09:15:55 PROCESS payment-service CPU=26% MEM=134MB STATUS=RESTARTING
2026-02-14 09:16:00 PROCESS payment-service CPU=7% MEM=184MB STATUS=RUNNING
2026-02-14 08:30:26 PROCESS worker CPU=22% MEM=290MB STATUS=DEGRADED
2026-02-14 09:00:56 PROCESS auth-service CPU=19% MEM=128MB STATUS=DEGRADED
2026-02-14 09:16:15 PROCESS payment-service CPU=14% MEM=226MB STATUS=RUNNING
2026-02-14 08:15:16 PROCESS auth-service CPU=16% MEM=177MB STATUS=RUNNING
2026-02-14 09:01:08 PROCESS cache CPU=16% MEM=149MB STATUS=RUNNING
2026-02-14 08:45:54 PROCESS payment-service CPU=5% MEM=178MB STATUS=RESTARTING
2026-02-14 09:16:35 PROCESS cache CPU=91% MEM=284MB STATUS=RUNNING
2026-02-14 09:16:40 PROCESS auth-service CPU=16% MEM=88MB STATUS=DEGRADED
2026-02-14 08:15:21 PROCESS cache CPU=6% MEM=143MB STATUS=DEGRADED
2026-02-14 08:15:22 PROCESS cache CPU=1% MEM=119MB STATUS=RUNNING
2026-02-14 08:15:23 PROCESS db-proxy CPU=19% MEM=128MB STATUS=RUNNING
2026-02-14 09:17:00 PROCESS api-service CPU=22% MEM=165MB STATUS=DEGRADED
2026-02-14 08:30:50 PROCESS db-proxy CPU=27% MEM=136MB STATUS=RUNNING
2026-02-14 09:17:10 PROCESS cache CPU=12% MEM=125MB STATUS=RUNNING
2026-02-14 08:30:54 PROCESS worker CPU=24% MEM=262MB STATUS=RUNNING
2026-02-14 08:15:28 PROCESS api-service CPU=9% MEM=161MB STATUS=RUNNING
2026-02-14 09:17:25 PROCESS api-service CPU=20% MEM=164MB STATUS=RUNNING
2026-02-14 08:46:30 PROCESS db-proxy CPU=29% MEM=142MB STATUS=RUNNING
2026-02-14 09:17:35 PROCESS cache CPU=7% MEM=163MB STATUS=RUNNING
2026-02-14 09:17:40 PROCESS worker CPU=56% MEM=247MB STATUS=RUNNING
2026-02-14 08:46:39 PROCESS payment-service CPU=21% MEM=222MB STATUS=RUNNING
2026-02-14 08:31:08 PROCESS cache CPU=19% MEM=97MB STATUS=RESTARTING
2026-02-14 08:15:35 PROCESS auth-service CPU=6% MEM=111MB STATUS=DEGRADED
2026-02-14 08:31:12 PROCESS worker CPU=98% MEM=379MB STATUS=DEGRADED
2026-02-14 08:15:37 PROCESS db-proxy CPU=22% MEM=154MB STATUS=RUNNING
2026-02-14 08:46:54 PROCESS cache CPU=14% MEM=151MB STATUS=RESTARTING
2026-02-14 08:15:39 PROCESS payment-service CPU=19% MEM=178MB STATUS=RUNNING
2026-02-14 09:02:40 PROCESS db-proxy CPU=6% MEM=171MB STATUS=RUNNING
2026-02-14 09:18:25 PROCESS db-proxy CPU=15% MEM=178MB STATUS=RESTARTING
2026-02-14 08:31:24 PROCESS db-proxy CPU=22% MEM=170MB STATUS=RUNNING
2026-02-14 08:47:09 PROCESS api-service CPU=14% MEM=212MB STATUS=RUNNING
2026-02-14 08:15:44 PROCESS cache CPU=11% MEM=138MB STATUS=RUNNING
2026-02-14 08:47:15 PROCESS api-service CPU=26% MEM=191MB STATUS=RUNNING
2026-02-14 08:47:18 PROCESS cache CPU=18% MEM=100MB STATUS=DEGRADED
2026-02-14 09:03:08 PROCESS payment-service CPU=41% MEM=171MB STATUS=RUNNING
2026-02-14 09:19:00 PROCESS worker CPU=25% MEM=276MB STATUS=DEGRADED
2026-02-14 08:31:38 PROCESS db-proxy CPU=35% MEM=199MB STATUS=RUNNING
2026-02-14 08:15:50 PROCESS cache CPU=0% MEM=135MB STATUS=RESTARTING
2026-02-14 08:15:51 PROCESS payment-service CPU=36% MEM=181MB STATUS=RUNNING
2026-02-14 08:31:44 PROCESS worker CPU=30% MEM=288MB STATUS=RUNNING
2026-02-14 08:31:46 PROCESS payment-service CPU=20% MEM=201MB STATUS=DEGRADED
2026-02-14 08:47:42 PROCESS cache CPU=9% MEM=140MB STATUS=RUNNING
2026-02-14 08:15:55 PROCESS api-service CPU=83% MEM=343MB STATUS=RUNNING
2026-02-14 08:47:48 PROCESS db-proxy CPU=8% MEM=141MB STATUS=RESTARTING
2026-02-14 09:03:48 PROCESS worker CPU=19% MEM=293MB STATUS=RESTARTING
2026-02-14 09:03:52 PROCESS worker CPU=23% MEM=248MB STATUS=RUNNING
2026-02-14 08:47:57 PROCESS db-proxy CPU=15% MEM=133MB STATUS=RUNNING
2026-02-14 09:20:00 PROCESS auth-service CPU=0% MEM=139MB STATUS=RUNNING
2026-02-14 08:32:02 PROCESS payment-service CPU=31% MEM=162MB STATUS=RUNNING
2026-02-14 08:16:02 PROCESS payment-service CPU=21% MEM=203MB STATUS=DEGRADED
2026-02-14 08:32:06 PROCESS cache CPU=15% MEM=123MB STATUS=DEGRADED
2026-02-14 08:32:08 PROCESS api-service CPU=35% MEM=169MB STATUS=RESTARTING
2026-02-14 09:20:25 PROCESS cache CPU=3% MEM=128MB STATUS=RUNNING
2026-02-14 09:04:24 PROCESS payment-service CPU=28% MEM=235MB STATUS=DEGRADED
2026-02-14 09:20:35 PROCESS api-service CPU=23% MEM=203MB STATUS=RUNNING
2026-02-14 08:48:24 PROCESS api-service CPU=42% MEM=208MB STATUS=DEGRADED
2026-02-14 08:16:09 PROCESS payment-service CPU=19% MEM=193MB STATUS=RESTARTING
2026-02-14 08:48:30 PROCESS payment-service CPU=22% MEM=215MB STATUS=DEGRADED
2026-02-14 08:32:22 PROCESS api-service CPU=33% MEM=167MB STATUS=DEGRADED
2026-02-14 08:32:24 PROCESS cache CPU=0% MEM=110MB STATUS=RESTARTING
2026-02-14 08:32:26 PROCESS db-proxy CPU=34% MEM=171MB STATUS=DEGRADED
2026-02-14 09:21:10 PROCESS cache CPU=9% MEM=137MB STATUS=RESTARTING
2026-02-14 09:05:00 PROCESS payment-service CPU=21% MEM=192MB STATUS=DEGRADED
2026-02-14 08:32:32 PROCESS worker CPU=43% MEM=242MB STATUS=RUNNING
2026-02-14 09:21:25 PROCESS db-proxy CPU=16% MEM=167MB STATUS=RUNNING
2026-02-14 08:32:36 PROCESS cache CPU=97% MEM=279MB STATUS=RESTARTING
2026-02-14 09:21:35 PROCESS payment-service CPU=37% MEM=202MB STATUS=RUNNING
2026-02-14 09:21:40 PROCESS api-service CPU=24% MEM=193MB STATUS=RUNNING
2026-02-14 08:16:21 PROCESS auth-service CPU=4% MEM=124MB STATUS=RESTARTING
2026-02-14 09:05:28 PROCESS worker CPU=27% MEM=298MB STATUS=RUNNING
2026-02-14 08:49:09 PROCESS api-service CPU=22% MEM=103MB STATUS=RUNNING
2026-02-14 09:22:00 PROCESS worker CPU=40% MEM=248MB STATUS=RUNNING
2026-02-14 08:16:25 PROCESS cache CPU=9% MEM=115MB STATUS=RUNNING
2026-02-14 09:05:44 PROCESS worker CPU=46% MEM=238MB STATUS=RUNNING
2026-02-14 08:16:27 PROCESS api-service CPU=87% MEM=340MB STATUS=RESTARTING
2026-02-14 08:32:56 PROCESS db-proxy CPU=10% MEM=183MB STATUS=DEGRADED
2026-02-14 08:16:29 PROCESS worker CPU=20% MEM=254MB STATUS=DEGRADED
2026-02-14 08:16:30 PROCESS cache CPU=21% MEM=135MB STATUS=RUNNING
2026-02-14 08:16:31 PROCESS auth-service CPU=17% MEM=153MB STATUS=DEGRADED
2026-02-14 09:22:40 PROCESS worker CPU=38% MEM=245MB STATUS=RUNNING
2026-02-14 08:16:33 PROCESS worker CPU=38% MEM=252MB STATUS=RUNNING
2026-02-14 09:06:16 PROCESS cache CPU=27% MEM=117MB STATUS=RUNNING
2026-02-14 08:49:45 PROCESS auth-service CPU=13% MEM=109MB STATUS=RUNNING
2026-02-14 09:23:00 PROCESS db-proxy CPU=8% MEM=172MB STATUS=RUNNING
2026-02-14 08:49:51 PROCESS db-proxy CPU=12% MEM=176MB STATUS=RUNNING
2026-02-14 08:33:16 PROCESS auth-service CPU=95% MEM=181MB STATUS=DEGRADED
2026-02-14 09:23:15 PROCESS api-service CPU=16% MEM=181MB STATUS=RUNNING
